<?xml version="1.0" encoding="utf-8"?>
<TestRun id="02d41978-fd6f-46ce-8018-4e503acea720" name="Korisnik@DESKTOP-IKICOCG 2026-06-24 14:49:50" runUser="DESKTOP-IKICOCG\Korisnik" xmlns="http://microsoft.com/schemas/VisualStudio/TeamTest/2010">
  <Times creation="2026-06-24T14:49:50.4695407+02:00" queuing="2026-06-24T14:49:50.4695411+02:00" start="2026-06-24T14:49:46.4080921+02:00" finish="2026-06-24T14:50:06.0349884+02:00" />
  <TestSettings name="default" id="ee8b9200-56ef-492d-8328-13502fdb88c0">
    <Deployment runDeploymentRoot="Korisnik_DESKTOP-IKICOCG_2026-06-24_14_49_50" />
  </TestSettings>
  <Results>
    <UnitTestResult executionId="0385d880-dd79-4a34-ade1-82a6f604af34" testId="04d40645-23c6-6ba3-b67e-fdc6b09781af" testName="WoWprojekt.Tests.PlayerProfilesApiControllerTests.Put_Updates_Returns204" computerName="DESKTOP-IKICOCG" duration="00:00:00.9598431" startTime="2026-06-24T14:49:52.6093026+02:00" endTime="2026-06-24T14:49:53.5622746+02:00" testType="13cdc9d9-ddb5-4fa4-a97d-d965ccfc6d4b" outcome="Passed" testListId="8c84fa94-04c1-424b-9868-57a2d4851a1d" relativeResultsDirectory="0385d880-dd79-4a34-ade1-82a6f604af34" />
    <UnitTestResult executionId="e5f38db5-792f-426d-b21c-a4cfea04df4a" testId="9f188c49-03b5-2342-92e4-d89973edc9c3" testName="WoWprojekt.Tests.PlayerProfilesApiControllerTests.Post_Returns400_WhenGuildIdNotFound" computerName="DESKTOP-IKICOCG" duration="00:00:01.2217934" startTime="2026-06-24T14:49:57.7141808+02:00" endTime="2026-06-24T14:49:58.9388008+02:00" testType="13cdc9d9-ddb5-4fa4-a97d-d965ccfc6d4b" outcome="Passed" testListId="8c84fa94-04c1-424b-9868-57a2d4851a1d" relativeResultsDirectory="e5f38db5-792f-426d-b21c-a4cfea04df4a" />
    <UnitTestResult executionId="23da7d0c-ff9f-473b-b070-26d3a44756f8" testId="c91ef638-cdd8-87e9-d152-17b9c511440e" testName="WoWprojekt.Tests.ProfessionsApiControllerTests.Put_Returns404_ForNonExistentId" computerName="DESKTOP-IKICOCG" duration="00:00:03.1895999" startTime="2026-06-24T14:49:47.1331425+02:00" endTime="2026-06-24T14:49:50.3601417+02:00" testType="13cdc9d9-ddb5-4fa4-a97d-d965ccfc6d4b" outcome="Passed" testListId="8c84fa94-04c1-424b-9868-57a2d4851a1d" relativeResultsDirectory="23da7d0c-ff9f-473b-b070-26d3a44756f8" />
    <UnitTestResult executionId="47fcead0-4595-41bd-b106-aaa17ad9cb15" testId="aa1a979c-1666-ab07-913c-48f48f362cbf" testName="WoWprojekt.Tests.GuildsApiControllerTests.GetById_Returns404_WhenNotExists" computerName="DESKTOP-IKICOCG" duration="00:00:01.2240225" startTime="2026-06-24T14:49:50.4350834+02:00" endTime="2026-06-24T14:49:51.5957519+02:00" testType="13cdc9d9-ddb5-4fa4-a97d-d965ccfc6d4b" outcome="Passed" testListId="8c84fa94-04c1-424b-9868-57a2d4851a1d" relativeResultsDirectory="47fcead0-4595-41bd-b106-aaa17ad9cb15" />
    <UnitTestResult executionId="555c5e75-b375-4355-929a-267e4c08cd00" testId="f0662248-ba3d-c3cc-7ac7-d7401af9f80b" testName="WoWprojekt.Tests.PlayerProfessionsApiControllerTests.Post_Returns400_WhenProfessionNotFound" computerName="DESKTOP-IKICOCG" duration="00:00:00.9947739" startTime="2026-06-24T14:49:51.7388463+02:00" endTime="2026-06-24T14:49:52.7367507+02:00" testType="13cdc9d9-ddb5-4fa4-a97d-d965ccfc6d4b" outcome="Passed" testListId="8c84fa94-04c1-424b-9868-57a2d4851a1d" relativeResultsDirectory="555c5e75-b375-4355-929a-267e4c08cd00" />
    <UnitTestResult executionId="e31a603f-0ecc-4640-b0fa-33fa513da3dc" testId="9198e82a-9c11-541a-0c84-02ec8edba243" testName="WoWprojekt.Tests.TalentBuildFilesApiControllerTests.Post_Upload_Returns201" computerName="DESKTOP-IKICOCG" duration="00:00:01.0440190" startTime="2026-06-24T14:49:54.7726177+02:00" endTime="2026-06-24T14:49:55.8050558+02:00" testType="13cdc9d9-ddb5-4fa4-a97d-d965ccfc6d4b" outcome="Passed" testListId="8c84fa94-04c1-424b-9868-57a2d4851a1d" relativeResultsDirectory="e31a603f-0ecc-4640-b0fa-33fa513da3dc" />
    <UnitTestResult executionId="550546ea-34d1-4d4a-adab-bcbd53d721d9" testId="759a359d-50b7-b348-3162-59d64da0e303" testName="WoWprojekt.Tests.TalentBuildsApiControllerTests.Post_Returns400_WhenPlayerProfileIdNotFound" computerName="DESKTOP-IKICOCG" duration="00:00:01.2530291" startTime="2026-06-24T14:49:57.7440421+02:00" endTime="2026-06-24T14:49:58.9747393+02:00" testType="13cdc9d9-ddb5-4fa4-a97d-d965ccfc6d4b" outcome="Passed" testListId="8c84fa94-04c1-424b-9868-57a2d4851a1d" relativeResultsDirectory="550546ea-34d1-4d4a-adab-bcbd53d721d9" />
    <UnitTestResult executionId="4558c29e-fea5-4703-9b52-ac32bf0b2987" testId="fda9085d-27a7-1e3a-fdbe-1728c05c1a57" testName="WoWprojekt.Tests.GuildsApiControllerTests.Put_Updates_Returns204" computerName="DESKTOP-IKICOCG" duration="00:00:00.9088402" startTime="2026-06-24T14:50:00.1476558+02:00" endTime="2026-06-24T14:50:01.0567588+02:00" testType="13cdc9d9-ddb5-4fa4-a97d-d965ccfc6d4b" outcome="Passed" testListId="8c84fa94-04c1-424b-9868-57a2d4851a1d" relativeResultsDirectory="4558c29e-fea5-4703-9b52-ac32bf0b2987" />
    <UnitTestResult executionId="796221e9-1330-4015-b20e-b0ad537c0f47" testId="2f236365-589c-dfc2-071e-23e7178e8cf8" testName="WoWprojekt.Tests.BossGuidesApiControllerTests.GetAll_Returns200AndList" computerName="DESKTOP-IKICOCG" duration="00:00:01.2149395" startTime="2026-06-24T14:49:50.4351358+02:00" endTime="2026-06-24T14:49:51.5570989+02:00" testType="13cdc9d9-ddb5-4fa4-a97d-d965ccfc6d4b" outcome="Passed" testListId="8c84fa94-04c1-424b-9868-57a2d4851a1d" relativeResultsDirectory="796221e9-1330-4015-b20e-b0ad537c0f47" />
    <UnitTestResult executionId="40557a4c-6b6a-466a-91e9-104553e6fc8b" testId="ec1e8567-8f42-e40b-2e8c-30b10df570f3" testName="WoWprojekt.Tests.BossGuideImagesControllerTests.GetAll_Returns404_WhenBossNotExists" computerName="DESKTOP-IKICOCG" duration="00:00:01.0211448" startTime="2026-06-24T14:49:52.7859185+02:00" endTime="2026-06-24T14:49:53.8077260+02:00" testType="13cdc9d9-ddb5-4fa4-a97d-d965ccfc6d4b" outcome="Passed" testListId="8c84fa94-04c1-424b-9868-57a2d4851a1d" relativeResultsDirectory="40557a4c-6b6a-466a-91e9-104553e6fc8b" />
    <UnitTestResult executionId="6fa20208-39de-4a95-ab62-8c7459f9d149" testId="6b38bf04-35ee-2e68-4ef8-a3c7ac3760e9" testName="WoWprojekt.Tests.TalentBuildsApiControllerTests.GetAll_FilterByPlayerProfileId_ReturnsOnlyThatPlayersBuilds" computerName="DESKTOP-IKICOCG" duration="00:00:01.3038142" startTime="2026-06-24T14:49:51.4444304+02:00" endTime="2026-06-24T14:49:52.7795507+02:00" testType="13cdc9d9-ddb5-4fa4-a97d-d965ccfc6d4b" outcome="Passed" testListId="8c84fa94-04c1-424b-9868-57a2d4851a1d" relativeResultsDirectory="6fa20208-39de-4a95-ab62-8c7459f9d149" />
    <UnitTestResult executionId="52092ab3-d323-44ef-8d7f-9149196a3be0" testId="6a53b844-18fe-ffd0-7703-d833c86383fb" testName="WoWprojekt.Tests.TalentBuildsApiControllerTests.GetAll_FilterByClassType_ReturnsOnlyMatchingBuilds" computerName="DESKTOP-IKICOCG" duration="00:00:01.1049599" startTime="2026-06-24T14:49:54.1236780+02:00" endTime="2026-06-24T14:49:55.2391757+02:00" testType="13cdc9d9-ddb5-4fa4-a97d-d965ccfc6d4b" outcome="Passed" testListId="8c84fa94-04c1-424b-9868-57a2d4851a1d" relativeResultsDirectory="52092ab3-d323-44ef-8d7f-9149196a3be0" />
    <UnitTestResult executionId="2dbad6af-ad10-4aec-b186-17580afc6abd" testId="3d6f01e2-ea0b-1945-a626-bccd8adccdfa" testName="WoWprojekt.Tests.PlayerProfilesApiControllerTests.GetAll_FilterByMinLevel_ReturnsOnlyHighLevelPlayers" computerName="DESKTOP-IKICOCG" duration="00:00:00.4331401" startTime="2026-06-24T14:50:05.0941596+02:00" endTime="2026-06-24T14:50:05.5275305+02:00" testType="13cdc9d9-ddb5-4fa4-a97d-d965ccfc6d4b" outcome="Passed" testListId="8c84fa94-04c1-424b-9868-57a2d4851a1d" relativeResultsDirectory="2dbad6af-ad10-4aec-b186-17580afc6abd" />
    <UnitTestResult executionId="b964e4a3-1276-4f5b-b9bd-4aa3f92333b1" testId="ae70b5f8-0f1d-3eaa-1020-bc97c73ebe62" testName="WoWprojekt.Tests.ProfessionsApiControllerTests.Put_Updates_Returns204" computerName="DESKTOP-IKICOCG" duration="00:00:01.5771335" startTime="2026-06-24T14:49:56.1459459+02:00" endTime="2026-06-24T14:49:57.7443674+02:00" testType="13cdc9d9-ddb5-4fa4-a97d-d965ccfc6d4b" outcome="Passed" testListId="8c84fa94-04c1-424b-9868-57a2d4851a1d" relativeResultsDirectory="b964e4a3-1276-4f5b-b9bd-4aa3f92333b1" />
    <UnitTestResult executionId="0a54b462-b6a9-4c0e-837b-2ef5f4657758" testId="58550184-4018-434f-f6e7-0e1e2d5848b8" testName="WoWprojekt.Tests.TalentBuildsApiControllerTests.Post_Creates_Returns201" computerName="DESKTOP-IKICOCG" duration="00:00:00.9172300" startTime="2026-06-24T14:50:00.1691860+02:00" endTime="2026-06-24T14:50:01.0941986+02:00" testType="13cdc9d9-ddb5-4fa4-a97d-d965ccfc6d4b" outcome="Passed" testListId="8c84fa94-04c1-424b-9868-57a2d4851a1d" relativeResultsDirectory="0a54b462-b6a9-4c0e-837b-2ef5f4657758" />
    <UnitTestResult executionId="0f6801ad-660b-46da-a524-8678ea9167cd" testId="0cb59dec-3bf2-ce4c-b66f-2195e1088886" testName="WoWprojekt.Tests.GuildsApiControllerTests.Post_Returns400_WhenDuplicateName" computerName="DESKTOP-IKICOCG" duration="00:00:01.3440246" startTime="2026-06-24T14:49:52.7344903+02:00" endTime="2026-06-24T14:49:54.0882009+02:00" testType="13cdc9d9-ddb5-4fa4-a97d-d965ccfc6d4b" outcome="Passed" testListId="8c84fa94-04c1-424b-9868-57a2d4851a1d" relativeResultsDirectory="0f6801ad-660b-46da-a524-8678ea9167cd" />
    <UnitTestResult executionId="0bbe9d9a-3eed-4438-aa33-b76d61264b5b" testId="1ee104cb-4664-aa26-4ed4-0cb7f112f63f" testName="WoWprojekt.Tests.PlayerProfessionsApiControllerTests.Put_Returns404_ForNonExistentLink" computerName="DESKTOP-IKICOCG" duration="00:00:03.1886693" startTime="2026-06-24T14:49:47.1330880+02:00" endTime="2026-06-24T14:49:50.3751836+02:00" testType="13cdc9d9-ddb5-4fa4-a97d-d965ccfc6d4b" outcome="Passed" testListId="8c84fa94-04c1-424b-9868-57a2d4851a1d" relativeResultsDirectory="0bbe9d9a-3eed-4438-aa33-b76d61264b5b" />
    <UnitTestResult executionId="4babb9c1-b023-4411-a9f9-3842d5110f09" testId="ea562630-3507-675c-263c-118592923f87" testName="WoWprojekt.Tests.ProfessionsApiControllerTests.Delete_Removes_Returns204" computerName="DESKTOP-IKICOCG" duration="00:00:01.2161473" startTime="2026-06-24T14:49:57.7445753+02:00" endTime="2026-06-24T14:49:58.9401697+02:00" testType="13cdc9d9-ddb5-4fa4-a97d-d965ccfc6d4b" outcome="Passed" testListId="8c84fa94-04c1-424b-9868-57a2d4851a1d" relativeResultsDirectory="4babb9c1-b023-4411-a9f9-3842d5110f09" />
    <UnitTestResult executionId="70de572a-ab13-4542-8fc7-6e72e4d6d49b" testId="33decbb2-fe83-1be6-a69e-e758ded4ef81" testName="WoWprojekt.Tests.PlayerProfilesApiControllerTests.GetById_Returns404_WhenNotExists" computerName="DESKTOP-IKICOCG" duration="00:00:00.3952195" startTime="2026-06-24T14:50:05.5277322+02:00" endTime="2026-06-24T14:50:05.9232240+02:00" testType="13cdc9d9-ddb5-4fa4-a97d-d965ccfc6d4b" outcome="Passed" testListId="8c84fa94-04c1-424b-9868-57a2d4851a1d" relativeResultsDirectory="70de572a-ab13-4542-8fc7-6e72e4d6d49b" />
    <UnitTestResult executionId="7e887a51-4b66-4141-9dca-f8b740258397" testId="e28de09b-3e9f-3f91-610a-0b8f5197207b" testName="WoWprojekt.Tests.BossGuidesApiControllerTests.GetById_Returns200_WhenExists" computerName="DESKTOP-IKICOCG" duration="00:00:01.0314201" startTime="2026-06-24T14:49:52.5363165+02:00" endTime="2026-06-24T14:49:53.5679891+02:00" testType="13cdc9d9-ddb5-4fa4-a97d-d965ccfc6d4b" outcome="Passed" testListId="8c84fa94-04c1-424b-9868-57a2d4851a1d" relativeResultsDirectory="7e887a51-4b66-4141-9dca-f8b740258397" />
    <UnitTestResult executionId="8ff02a11-9461-407a-b468-3ea26b1ec063" testId="cfebdb55-bd5c-0957-53c0-e1b05749bb63" testName="WoWprojekt.Tests.BossGuideImagesControllerTests.Delete_Returns404_WhenImageBelongsToDifferentBoss" computerName="DESKTOP-IKICOCG" duration="00:00:00.9230138" startTime="2026-06-24T14:49:51.8629916+02:00" endTime="2026-06-24T14:49:52.7856795+02:00" testType="13cdc9d9-ddb5-4fa4-a97d-d965ccfc6d4b" outcome="Passed" testListId="8c84fa94-04c1-424b-9868-57a2d4851a1d" relativeResultsDirectory="8ff02a11-9461-407a-b468-3ea26b1ec063" />
    <UnitTestResult executionId="25076051-cede-4002-a8d3-67bc0c69b1e8" testId="f218fcd2-8778-67e9-bcc9-00d16fb2bf20" testName="WoWprojekt.Tests.BossGuidesApiControllerTests.GetById_Returns404_WhenNotExists" computerName="DESKTOP-IKICOCG" duration="00:00:00.9360457" startTime="2026-06-24T14:49:54.7729585+02:00" endTime="2026-06-24T14:49:55.7176630+02:00" testType="13cdc9d9-ddb5-4fa4-a97d-d965ccfc6d4b" outcome="Passed" testListId="8c84fa94-04c1-424b-9868-57a2d4851a1d" relativeResultsDirectory="25076051-cede-4002-a8d3-67bc0c69b1e8" />
    <UnitTestResult executionId="76d1f560-ebaf-458d-a0a5-55f1c8147f82" testId="004278ea-5a73-0063-10e0-122699717b17" testName="WoWprojekt.Tests.BossGuidesApiControllerTests.Delete_Removes_Returns204" computerName="DESKTOP-IKICOCG" duration="00:00:00.9778216" startTime="2026-06-24T14:49:51.5575067+02:00" endTime="2026-06-24T14:49:52.5358971+02:00" testType="13cdc9d9-ddb5-4fa4-a97d-d965ccfc6d4b" outcome="Passed" testListId="8c84fa94-04c1-424b-9868-57a2d4851a1d" relativeResultsDirectory="76d1f560-ebaf-458d-a0a5-55f1c8147f82" />
    <UnitTestResult executionId="1df74e0a-72ce-4b97-9e22-495fee7ec8cc" testId="6a8c53b3-8a0b-6900-33b8-9fc7e261c300" testName="WoWprojekt.Tests.PlayerProfessionsApiControllerTests.Delete_Returns404_ForNonExistentLink" computerName="DESKTOP-IKICOCG" duration="00:00:01.2998005" startTime="2026-06-24T14:49:57.7446471+02:00" endTime="2026-06-24T14:49:59.0626073+02:00" testType="13cdc9d9-ddb5-4fa4-a97d-d965ccfc6d4b" outcome="Passed" testListId="8c84fa94-04c1-424b-9868-57a2d4851a1d" relativeResultsDirectory="1df74e0a-72ce-4b97-9e22-495fee7ec8cc" />
    <UnitTestResult executionId="49480b03-8212-4ce7-82a3-76d50a5efa18" testId="4bc46155-97b1-83a1-ea84-5aa1cef7e7a4" testName="WoWprojekt.Tests.BossGuideImagesControllerTests.Upload_Returns201_WhenValidJpgAndBossExists" computerName="DESKTOP-IKICOCG" duration="00:00:03.4788363" startTime="2026-06-24T14:49:47.1300071+02:00" endTime="2026-06-24T14:49:50.6368909+02:00" testType="13cdc9d9-ddb5-4fa4-a97d-d965ccfc6d4b" outcome="Passed" testListId="8c84fa94-04c1-424b-9868-57a2d4851a1d" relativeResultsDirectory="49480b03-8212-4ce7-82a3-76d50a5efa18" />
    <UnitTestResult executionId="520e4780-cb1f-4b6b-981e-f26a697321f9" testId="be32d9e7-b39b-637d-c272-5ea01ac6eb66" testName="WoWprojekt.Tests.PlayerProfessionsApiControllerTests.Put_Updates_Returns204" computerName="DESKTOP-IKICOCG" duration="00:00:00.5879658" startTime="2026-06-24T14:50:04.0015815+02:00" endTime="2026-06-24T14:50:04.5898919+02:00" testType="13cdc9d9-ddb5-4fa4-a97d-d965ccfc6d4b" outcome="Passed" testListId="8c84fa94-04c1-424b-9868-57a2d4851a1d" relativeResultsDirectory="520e4780-cb1f-4b6b-981e-f26a697321f9" />
    <UnitTestResult executionId="21004559-3f84-4924-b8d0-c0042a7579bb" testId="26d8b7c4-2bbe-bddd-4792-5922edcbccea" testName="WoWprojekt.Tests.RaidGuidesApiControllerTests.Delete_Returns404_ForNonExistentId" computerName="DESKTOP-IKICOCG" duration="00:00:01.4961199" startTime="2026-06-24T14:49:57.3308406+02:00" endTime="2026-06-24T14:49:58.8579810+02:00" testType="13cdc9d9-ddb5-4fa4-a97d-d965ccfc6d4b" outcome="Passed" testListId="8c84fa94-04c1-424b-9868-57a2d4851a1d" relativeResultsDirectory="21004559-3f84-4924-b8d0-c0042a7579bb" />
    <UnitTestResult executionId="524095e7-c429-4632-8482-386e9d4b7bc5" testId="d5fd1ef3-6c14-ebf4-3eda-351dbe3136ed" testName="WoWprojekt.Tests.BossGuideImagesControllerTests.Delete_Returns204_WhenImageExists" computerName="DESKTOP-IKICOCG" duration="00:00:01.0466920" startTime="2026-06-24T14:49:54.8776188+02:00" endTime="2026-06-24T14:49:55.9280985+02:00" testType="13cdc9d9-ddb5-4fa4-a97d-d965ccfc6d4b" outcome="Passed" testListId="8c84fa94-04c1-424b-9868-57a2d4851a1d" relativeResultsDirectory="524095e7-c429-4632-8482-386e9d4b7bc5" />
    <UnitTestResult executionId="c8f94752-a4a9-43df-b2ba-9e53de7e9a7c" testId="4f30b57f-4cce-65fb-c2f2-bce65d5ed3d7" testName="WoWprojekt.Tests.PlayerProfessionsApiControllerTests.Post_Returns400_WhenLinkAlreadyExists" computerName="DESKTOP-IKICOCG" duration="00:00:01.2975210" startTime="2026-06-24T14:49:52.7382922+02:00" endTime="2026-06-24T14:49:54.0356584+02:00" testType="13cdc9d9-ddb5-4fa4-a97d-d965ccfc6d4b" outcome="Passed" testListId="8c84fa94-04c1-424b-9868-57a2d4851a1d" relativeResultsDirectory="c8f94752-a4a9-43df-b2ba-9e53de7e9a7c" />
    <UnitTestResult executionId="37368d87-fdd7-46dd-916b-3a5ddb68aa42" testId="785217c7-99ff-5c8a-2de4-a5435c2692ad" testName="WoWprojekt.Tests.TalentBuildFilesApiControllerTests.Post_Returns404_WhenBuildDoesNotExist" computerName="DESKTOP-IKICOCG" duration="00:00:01.2485402" startTime="2026-06-24T14:49:53.5070546+02:00" endTime="2026-06-24T14:49:54.7722405+02:00" testType="13cdc9d9-ddb5-4fa4-a97d-d965ccfc6d4b" outcome="Passed" testListId="8c84fa94-04c1-424b-9868-57a2d4851a1d" relativeResultsDirectory="37368d87-fdd7-46dd-916b-3a5ddb68aa42" />
    <UnitTestResult executionId="35f99a02-f737-4a1c-b947-b02051f831b2" testId="da6fddd3-b7d3-a694-c759-5334687c51dd" testName="WoWprojekt.Tests.RaidGuidesApiControllerTests.GetAll_Returns200AndList" computerName="DESKTOP-IKICOCG" duration="00:00:01.1493217" startTime="2026-06-24T14:49:58.8586787+02:00" endTime="2026-06-24T14:50:00.0086280+02:00" testType="13cdc9d9-ddb5-4fa4-a97d-d965ccfc6d4b" outcome="Passed" testListId="8c84fa94-04c1-424b-9868-57a2d4851a1d" relativeResultsDirectory="35f99a02-f737-4a1c-b947-b02051f831b2" />
    <UnitTestResult executionId="87d26a9b-7283-43d2-84a5-d7b097027ec2" testId="2fa5f0ac-65fd-6aec-0629-9eac318aa682" testName="WoWprojekt.Tests.PlayerProfilesApiControllerTests.Post_Returns400_WhenCharacterNameAlreadyExists" computerName="DESKTOP-IKICOCG" duration="00:00:01.2096727" startTime="2026-06-24T14:49:51.3912509+02:00" endTime="2026-06-24T14:49:52.6089663+02:00" testType="13cdc9d9-ddb5-4fa4-a97d-d965ccfc6d4b" outcome="Passed" testListId="8c84fa94-04c1-424b-9868-57a2d4851a1d" relativeResultsDirectory="87d26a9b-7283-43d2-84a5-d7b097027ec2" />
    <UnitTestResult executionId="8ce5cb5f-1bcd-4341-a480-a6a4c79c4088" testId="f931396a-8ea1-589a-3ec0-9e757528e548" testName="WoWprojekt.Tests.RaidGuidesApiControllerTests.Post_Returns400_WithoutRaidName" computerName="DESKTOP-IKICOCG" duration="00:00:00.5758921" startTime="2026-06-24T14:50:03.1235501+02:00" endTime="2026-06-24T14:50:03.6997976+02:00" testType="13cdc9d9-ddb5-4fa4-a97d-d965ccfc6d4b" outcome="Passed" testListId="8c84fa94-04c1-424b-9868-57a2d4851a1d" relativeResultsDirectory="8ce5cb5f-1bcd-4341-a480-a6a4c79c4088" />
    <UnitTestResult executionId="98a745fd-9215-44d3-bfdc-f050adbd193c" testId="e6e40fd5-eccb-fa99-91d4-ac44684f4a12" testName="WoWprojekt.Tests.PlayerProfessionsApiControllerTests.GetAll_FilterByQ_ReturnsOnlyMatchingLinks" computerName="DESKTOP-IKICOCG" duration="00:00:00.7437639" startTime="2026-06-24T14:50:03.2577449+02:00" endTime="2026-06-24T14:50:04.0012344+02:00" testType="13cdc9d9-ddb5-4fa4-a97d-d965ccfc6d4b" outcome="Passed" testListId="8c84fa94-04c1-424b-9868-57a2d4851a1d" relativeResultsDirectory="98a745fd-9215-44d3-bfdc-f050adbd193c" />
    <UnitTestResult executionId="be70bb25-e218-43df-8780-67472ee37765" testId="bac9e0e4-d3df-17eb-6dac-ac7bd1de2d42" testName="WoWprojekt.Tests.TalentBuildsApiControllerTests.Put_Returns404_ForNonExistentId" computerName="DESKTOP-IKICOCG" duration="00:00:03.1899030" startTime="2026-06-24T14:49:47.1331208+02:00" endTime="2026-06-24T14:49:50.3601679+02:00" testType="13cdc9d9-ddb5-4fa4-a97d-d965ccfc6d4b" outcome="Passed" testListId="8c84fa94-04c1-424b-9868-57a2d4851a1d" relativeResultsDirectory="be70bb25-e218-43df-8780-67472ee37765" />
    <UnitTestResult executionId="f0cb2e81-6082-4632-a6b4-9fe5540ec3d7" testId="353d11aa-6dcf-a07a-dda3-341377a4a426" testName="WoWprojekt.Tests.PlayerProfilesApiControllerTests.Put_Returns400_WhenCharacterNameAlreadyTakenByOtherPlayer" computerName="DESKTOP-IKICOCG" duration="00:00:00.5871904" startTime="2026-06-24T14:50:04.0102246+02:00" endTime="2026-06-24T14:50:04.5977149+02:00" testType="13cdc9d9-ddb5-4fa4-a97d-d965ccfc6d4b" outcome="Passed" testListId="8c84fa94-04c1-424b-9868-57a2d4851a1d" relativeResultsDirectory="f0cb2e81-6082-4632-a6b4-9fe5540ec3d7" />
    <UnitTestResult executionId="3dbaedc7-c86a-48e6-822c-6cff3426de23" testId="a5379f7d-b1be-baf3-29fc-30fb02a7512f" testName="WoWprojekt.Tests.BossGuideImagesControllerTests.Upload_Returns400_WhenInvalidExtension" computerName="DESKTOP-IKICOCG" duration="00:00:01.1621589" startTime="2026-06-24T14:49:57.4224505+02:00" endTime="2026-06-24T14:49:58.6058047+02:00" testType="13cdc9d9-ddb5-4fa4-a97d-d965ccfc6d4b" outcome="Passed" testListId="8c84fa94-04c1-424b-9868-57a2d4851a1d" relativeResultsDirectory="3dbaedc7-c86a-48e6-822c-6cff3426de23" />
    <UnitTestResult executionId="5f211086-ebe9-47b0-9988-62767b3c9284" testId="66c16a8a-0c63-b299-7d0b-609d93a5c249" testName="WoWprojekt.Tests.BossGuideImagesControllerTests.GetAll_Returns200AndList_WhenBossExists" computerName="DESKTOP-IKICOCG" duration="00:00:01.2042328" startTime="2026-06-24T14:49:50.6381074+02:00" endTime="2026-06-24T14:49:51.8614696+02:00" testType="13cdc9d9-ddb5-4fa4-a97d-d965ccfc6d4b" outcome="Passed" testListId="8c84fa94-04c1-424b-9868-57a2d4851a1d" relativeResultsDirectory="5f211086-ebe9-47b0-9988-62767b3c9284" />
    <UnitTestResult executionId="fe7ac0a2-3871-4e72-a80d-91370ca7e404" testId="56048162-d5d5-75ff-a6f6-0e7488788adc" testName="WoWprojekt.Tests.BossGuideImagesControllerTests.GetAll_Returns200AndEmptyList_WhenBossHasNoImages" computerName="DESKTOP-IKICOCG" duration="00:00:01.1250205" startTime="2026-06-24T14:49:58.6063940+02:00" endTime="2026-06-24T14:49:59.7341510+02:00" testType="13cdc9d9-ddb5-4fa4-a97d-d965ccfc6d4b" outcome="Passed" testListId="8c84fa94-04c1-424b-9868-57a2d4851a1d" relativeResultsDirectory="fe7ac0a2-3871-4e72-a80d-91370ca7e404" />
    <UnitTestResult executionId="be26df79-78a5-4c85-9626-25374fbab717" testId="adcc98fa-d9be-6df0-490f-35260c91c922" testName="WoWprojekt.Tests.TalentBuildFilesApiControllerTests.Post_Returns400_WhenFileIsMissing" computerName="DESKTOP-IKICOCG" duration="00:00:01.0957955" startTime="2026-06-24T14:49:50.4351093+02:00" endTime="2026-06-24T14:49:51.4377713+02:00" testType="13cdc9d9-ddb5-4fa4-a97d-d965ccfc6d4b" outcome="Passed" testListId="8c84fa94-04c1-424b-9868-57a2d4851a1d" relativeResultsDirectory="be26df79-78a5-4c85-9626-25374fbab717" />
    <UnitTestResult executionId="c17eb1c0-695e-4486-b475-caba4b841cfe" testId="07282c23-c99e-2af3-665f-60ab5307a16c" testName="WoWprojekt.Tests.PlayerProfilesApiControllerTests.Delete_Removes_Returns204" computerName="DESKTOP-IKICOCG" duration="00:00:00.9847562" startTime="2026-06-24T14:49:54.9374989+02:00" endTime="2026-06-24T14:49:55.9260365+02:00" testType="13cdc9d9-ddb5-4fa4-a97d-d965ccfc6d4b" outcome="Passed" testListId="8c84fa94-04c1-424b-9868-57a2d4851a1d" relativeResultsDirectory="c17eb1c0-695e-4486-b475-caba4b841cfe" />
    <UnitTestResult executionId="293172d8-dc80-4730-ae8f-b04d5a8c6d23" testId="a5beb79e-84ed-8468-3626-6d4509d94775" testName="WoWprojekt.Tests.GuildsApiControllerTests.Delete_Removes_Returns204" computerName="DESKTOP-IKICOCG" duration="00:00:01.1371593" startTime="2026-06-24T14:49:51.5960340+02:00" endTime="2026-06-24T14:49:52.7341559+02:00" testType="13cdc9d9-ddb5-4fa4-a97d-d965ccfc6d4b" outcome="Passed" testListId="8c84fa94-04c1-424b-9868-57a2d4851a1d" relativeResultsDirectory="293172d8-dc80-4730-ae8f-b04d5a8c6d23" />
    <UnitTestResult executionId="122d5509-0926-4821-abd9-ed59c9474ef7" testId="7564246b-2110-ac39-f46d-b0821b996ebb" testName="WoWprojekt.Tests.TalentBuildFilesApiControllerTests.GetAll_Returns404_WhenBuildDoesNotExist" computerName="DESKTOP-IKICOCG" duration="00:00:01.4661210" startTime="2026-06-24T14:49:55.8053855+02:00" endTime="2026-06-24T14:49:57.2721429+02:00" testType="13cdc9d9-ddb5-4fa4-a97d-d965ccfc6d4b" outcome="Passed" testListId="8c84fa94-04c1-424b-9868-57a2d4851a1d" relativeResultsDirectory="122d5509-0926-4821-abd9-ed59c9474ef7" />
    <UnitTestResult executionId="a3b6d53c-f096-4b56-bbdd-a93ceb99d95e" testId="c6c7f2e4-078e-7e2c-fdce-722b1197cc88" testName="WoWprojekt.Tests.TalentBuildFilesApiControllerTests.Delete_Removes_Returns204" computerName="DESKTOP-IKICOCG" duration="00:00:02.6940318" startTime="2026-06-24T14:49:47.6342972+02:00" endTime="2026-06-24T14:49:50.3600385+02:00" testType="13cdc9d9-ddb5-4fa4-a97d-d965ccfc6d4b" outcome="Passed" testListId="8c84fa94-04c1-424b-9868-57a2d4851a1d" relativeResultsDirectory="a3b6d53c-f096-4b56-bbdd-a93ceb99d95e" />
    <UnitTestResult executionId="3356edf6-3b28-4866-8601-5e0cb0ddd432" testId="e46b7bd5-d11c-852f-739b-5dbe223d7105" testName="WoWprojekt.Tests.ProfessionsApiControllerTests.GetById_Returns404_WhenNotExists" computerName="DESKTOP-IKICOCG" duration="00:00:01.0491043" startTime="2026-06-24T14:49:55.0899079+02:00" endTime="2026-06-24T14:49:56.1452667+02:00" testType="13cdc9d9-ddb5-4fa4-a97d-d965ccfc6d4b" outcome="Passed" testListId="8c84fa94-04c1-424b-9868-57a2d4851a1d" relativeResultsDirectory="3356edf6-3b28-4866-8601-5e0cb0ddd432" />
    <UnitTestResult executionId="be7fd3e0-269e-43d6-b890-675fb8491ce2" testId="af5bfe17-16b7-9fc5-2737-580f41e0b4d8" testName="WoWprojekt.Tests.RaidGuidesApiControllerTests.GetById_Returns200_WhenExists" computerName="DESKTOP-IKICOCG" duration="00:00:00.5478064" startTime="2026-06-24T14:50:04.3638406+02:00" endTime="2026-06-24T14:50:04.9118508+02:00" testType="13cdc9d9-ddb5-4fa4-a97d-d965ccfc6d4b" outcome="Passed" testListId="8c84fa94-04c1-424b-9868-57a2d4851a1d" relativeResultsDirectory="be7fd3e0-269e-43d6-b890-675fb8491ce2" />
    <UnitTestResult executionId="07742599-cef7-468a-86da-e093ee6f77d1" testId="b4a8f9e9-bd6c-8ea4-31f7-29f65a15d7fc" testName="WoWprojekt.Tests.PlayerProfilesApiControllerTests.GetAll_FilterByQ_ReturnsOnlyMatchingPlayers" computerName="DESKTOP-IKICOCG" duration="00:00:00.7432980" startTime="2026-06-24T14:50:01.0466955+02:00" endTime="2026-06-24T14:50:01.7904239+02:00" testType="13cdc9d9-ddb5-4fa4-a97d-d965ccfc6d4b" outcome="Passed" testListId="8c84fa94-04c1-424b-9868-57a2d4851a1d" relativeResultsDirectory="07742599-cef7-468a-86da-e093ee6f77d1" />
    <UnitTestResult executionId="caa17a41-fb0d-4d16-b5a2-1ffe288d4f7a" testId="09b17371-7ad7-a438-72eb-b55b7fb18ca6" testName="WoWprojekt.Tests.PlayerProfessionsApiControllerTests.GetAll_Returns200AndList" computerName="DESKTOP-IKICOCG" duration="00:00:00.6659859" startTime="2026-06-24T14:50:02.5900951+02:00" endTime="2026-06-24T14:50:03.2565470+02:00" testType="13cdc9d9-ddb5-4fa4-a97d-d965ccfc6d4b" outcome="Passed" testListId="8c84fa94-04c1-424b-9868-57a2d4851a1d" relativeResultsDirectory="caa17a41-fb0d-4d16-b5a2-1ffe288d4f7a" />
    <UnitTestResult executionId="8b38d10b-7f1a-442c-a1cf-f77677d8b0d9" testId="341bb745-9911-d422-f071-643b9ff82066" testName="WoWprojekt.Tests.PlayerProfessionsApiControllerTests.Post_Returns400_WhenPlayerDoesNotExist" computerName="DESKTOP-IKICOCG" duration="00:00:00.9308637" startTime="2026-06-24T14:49:54.0360068+02:00" endTime="2026-06-24T14:49:55.0060901+02:00" testType="13cdc9d9-ddb5-4fa4-a97d-d965ccfc6d4b" outcome="Passed" testListId="8c84fa94-04c1-424b-9868-57a2d4851a1d" relativeResultsDirectory="8b38d10b-7f1a-442c-a1cf-f77677d8b0d9" />
    <UnitTestResult executionId="f6591886-73e0-4990-abe1-cc679c353df2" testId="6516974a-8610-d27e-1145-de17b1c78748" testName="WoWprojekt.Tests.PlayerProfessionsApiControllerTests.Put_Returns400_WhenRouteKeysMismatchBody" computerName="DESKTOP-IKICOCG" duration="00:00:00.6352288" startTime="2026-06-24T14:50:01.9541870+02:00" endTime="2026-06-24T14:50:02.5897698+02:00" testType="13cdc9d9-ddb5-4fa4-a97d-d965ccfc6d4b" outcome="Passed" testListId="8c84fa94-04c1-424b-9868-57a2d4851a1d" relativeResultsDirectory="f6591886-73e0-4990-abe1-cc679c353df2" />
    <UnitTestResult executionId="81c6c4bf-6722-49ac-a370-034606e652fa" testId="c7401b06-cfdb-4e03-2aa5-1bd2cdf61e35" testName="WoWprojekt.Tests.TalentBuildFilesApiControllerTests.GetAll_Returns200AndList" computerName="DESKTOP-IKICOCG" duration="00:00:01.0991233" startTime="2026-06-24T14:49:51.4382401+02:00" endTime="2026-06-24T14:49:52.5400908+02:00" testType="13cdc9d9-ddb5-4fa4-a97d-d965ccfc6d4b" outcome="Passed" testListId="8c84fa94-04c1-424b-9868-57a2d4851a1d" relativeResultsDirectory="81c6c4bf-6722-49ac-a370-034606e652fa" />
    <UnitTestResult executionId="ee5eb734-0cc0-4b20-86ff-d3b27c8c5783" testId="33da8dca-9e77-fcd9-36b1-1adce1414157" testName="WoWprojekt.Tests.RaidGuidesApiControllerTests.GetById_Returns404_WhenNotExists" computerName="DESKTOP-IKICOCG" duration="00:00:00.6403423" startTime="2026-06-24T14:50:02.4842395+02:00" endTime="2026-06-24T14:50:03.1232688+02:00" testType="13cdc9d9-ddb5-4fa4-a97d-d965ccfc6d4b" outcome="Passed" testListId="8c84fa94-04c1-424b-9868-57a2d4851a1d" relativeResultsDirectory="ee5eb734-0cc0-4b20-86ff-d3b27c8c5783" />
    <UnitTestResult executionId="f93218fd-bc73-4f14-8203-88036d89996a" testId="b5e38a15-a4bf-3197-9a05-65d920e9b374" testName="WoWprojekt.Tests.ProfessionsApiControllerTests.Post_Returns400_WithoutName" computerName="DESKTOP-IKICOCG" duration="00:00:01.2510771" startTime="2026-06-24T14:49:52.7863990+02:00" endTime="2026-06-24T14:49:54.0434312+02:00" testType="13cdc9d9-ddb5-4fa4-a97d-d965ccfc6d4b" outcome="Passed" testListId="8c84fa94-04c1-424b-9868-57a2d4851a1d" relativeResultsDirectory="f93218fd-bc73-4f14-8203-88036d89996a" />
    <UnitTestResult executionId="7d8d4c59-bec0-4c6e-8180-f8965c2fc70f" testId="fa9f9696-08c0-05cc-6ba2-07408e7e2399" testName="WoWprojekt.Tests.PlayerProfilesApiControllerTests.Post_Creates_Returns201" computerName="DESKTOP-IKICOCG" duration="00:00:01.1570624" startTime="2026-06-24T14:49:58.9391212+02:00" endTime="2026-06-24T14:50:00.0966256+02:00" testType="13cdc9d9-ddb5-4fa4-a97d-d965ccfc6d4b" outcome="Passed" testListId="8c84fa94-04c1-424b-9868-57a2d4851a1d" relativeResultsDirectory="7d8d4c59-bec0-4c6e-8180-f8965c2fc70f" />
    <UnitTestResult executionId="da0d6e4a-87ad-4e6f-bbdb-31454842d9e5" testId="6ad4bba0-ba70-3995-7963-dbc534aedc88" testName="WoWprojekt.Tests.ProfessionsApiControllerTests.Post_Creates_Returns201" computerName="DESKTOP-IKICOCG" duration="00:00:01.0298076" startTime="2026-06-24T14:49:51.7548062+02:00" endTime="2026-06-24T14:49:52.7855473+02:00" testType="13cdc9d9-ddb5-4fa4-a97d-d965ccfc6d4b" outcome="Passed" testListId="8c84fa94-04c1-424b-9868-57a2d4851a1d" relativeResultsDirectory="da0d6e4a-87ad-4e6f-bbdb-31454842d9e5" />
    <UnitTestResult executionId="d13cc8df-3817-4f27-bafa-cafe189ba830" testId="6e32832f-7a88-9ef4-f330-15ac29aa93c9" testName="WoWprojekt.Tests.PlayerProfessionsApiControllerTests.Post_Creates_Returns201" computerName="DESKTOP-IKICOCG" duration="00:00:00.9495602" startTime="2026-06-24T14:50:01.0040800+02:00" endTime="2026-06-24T14:50:01.9538793+02:00" testType="13cdc9d9-ddb5-4fa4-a97d-d965ccfc6d4b" outcome="Passed" testListId="8c84fa94-04c1-424b-9868-57a2d4851a1d" relativeResultsDirectory="d13cc8df-3817-4f27-bafa-cafe189ba830" />
    <UnitTestResult executionId="1d46740a-bcf6-41e6-b5da-5c64f40b8c0b" testId="747c15e7-44e2-1b52-7e03-ac5d926d2032" testName="WoWprojekt.Tests.TalentBuildsApiControllerTests.Put_Updates_Returns204" computerName="DESKTOP-IKICOCG" duration="00:00:00.6561597" startTime="2026-06-24T14:50:02.5860553+02:00" endTime="2026-06-24T14:50:03.2426263+02:00" testType="13cdc9d9-ddb5-4fa4-a97d-d965ccfc6d4b" outcome="Passed" testListId="8c84fa94-04c1-424b-9868-57a2d4851a1d" relativeResultsDirectory="1d46740a-bcf6-41e6-b5da-5c64f40b8c0b" />
    <UnitTestResult executionId="3fb92ddf-7821-42b1-b3c8-8e50290089a3" testId="e662b577-58a7-aaf3-fd0d-2156b5b39454" testName="WoWprojekt.Tests.TalentBuildsApiControllerTests.Delete_Returns404_ForNonExistentId" computerName="DESKTOP-IKICOCG" duration="00:00:00.7887118" startTime="2026-06-24T14:50:01.7964659+02:00" endTime="2026-06-24T14:50:02.5856631+02:00" testType="13cdc9d9-ddb5-4fa4-a97d-d965ccfc6d4b" outcome="Passed" testListId="8c84fa94-04c1-424b-9868-57a2d4851a1d" relativeResultsDirectory="3fb92ddf-7821-42b1-b3c8-8e50290089a3" />
    <UnitTestResult executionId="c3c37acf-f4d0-448f-bf73-c24695fddb49" testId="23992d15-71e8-3dc4-20da-a8e0a5546765" testName="WoWprojekt.Tests.BossGuideImagesControllerTests.Upload_Returns400_WhenFileNotAttached" computerName="DESKTOP-IKICOCG" duration="00:00:01.0149153" startTime="2026-06-24T14:49:59.7344836+02:00" endTime="2026-06-24T14:50:00.7497153+02:00" testType="13cdc9d9-ddb5-4fa4-a97d-d965ccfc6d4b" outcome="Passed" testListId="8c84fa94-04c1-424b-9868-57a2d4851a1d" relativeResultsDirectory="c3c37acf-f4d0-448f-bf73-c24695fddb49" />
    <UnitTestResult executionId="87ba7092-52a6-4074-a223-7e29a09ecdd5" testId="5bd58275-073f-c335-e85c-e569881bcca1" testName="WoWprojekt.Tests.TalentBuildsApiControllerTests.GetAll_FilterByQ_ReturnsOnlyMatchingBuilds" computerName="DESKTOP-IKICOCG" duration="00:00:01.1914187" startTime="2026-06-24T14:49:58.9750508+02:00" endTime="2026-06-24T14:50:00.1676224+02:00" testType="13cdc9d9-ddb5-4fa4-a97d-d965ccfc6d4b" outcome="Passed" testListId="8c84fa94-04c1-424b-9868-57a2d4851a1d" relativeResultsDirectory="87ba7092-52a6-4074-a223-7e29a09ecdd5" />
    <UnitTestResult executionId="69a921d1-f9bd-43ca-970f-1e3a864d748e" testId="d02e526c-2793-5583-e33c-96e5f03334d8" testName="WoWprojekt.Tests.TalentBuildsApiControllerTests.Delete_Removes_Returns204" computerName="DESKTOP-IKICOCG" duration="00:00:01.0982269" startTime="2026-06-24T14:49:50.4355086+02:00" endTime="2026-06-24T14:49:51.4403430+02:00" testType="13cdc9d9-ddb5-4fa4-a97d-d965ccfc6d4b" outcome="Passed" testListId="8c84fa94-04c1-424b-9868-57a2d4851a1d" relativeResultsDirectory="69a921d1-f9bd-43ca-970f-1e3a864d748e" />
    <UnitTestResult executionId="6be5c950-ffdb-4332-8886-e6680d896fad" testId="f07e8f78-4872-431c-da3b-83c927ccdc06" testName="WoWprojekt.Tests.PlayerProfilesApiControllerTests.GetById_Returns200_WhenExists" computerName="DESKTOP-IKICOCG" duration="00:00:00.6603944" startTime="2026-06-24T14:50:02.6588395+02:00" endTime="2026-06-24T14:50:03.3200181+02:00" testType="13cdc9d9-ddb5-4fa4-a97d-d965ccfc6d4b" outcome="Passed" testListId="8c84fa94-04c1-424b-9868-57a2d4851a1d" relativeResultsDirectory="6be5c950-ffdb-4332-8886-e6680d896fad" />
    <UnitTestResult executionId="28bbfb0d-ff8d-4ca3-9294-bfe5e5e3eb83" testId="8740ee71-102b-0c55-8345-915cf817a838" testName="WoWprojekt.Tests.GuildsApiControllerTests.Put_Returns404_ForNonExistentId" computerName="DESKTOP-IKICOCG" duration="00:00:01.6165885" startTime="2026-06-24T14:49:56.1490957+02:00" endTime="2026-06-24T14:49:57.7664976+02:00" testType="13cdc9d9-ddb5-4fa4-a97d-d965ccfc6d4b" outcome="Passed" testListId="8c84fa94-04c1-424b-9868-57a2d4851a1d" relativeResultsDirectory="28bbfb0d-ff8d-4ca3-9294-bfe5e5e3eb83" />
    <UnitTestResult executionId="ff417f3d-65fc-4aa3-b66e-3841e0fc024a" testId="31623f62-ce88-8569-f903-e2bb0ddd1649" testName="WoWprojekt.Tests.PlayerProfessionsApiControllerTests.GetById_Returns404_WhenNotExists" computerName="DESKTOP-IKICOCG" duration="00:00:01.3439452" startTime="2026-06-24T14:49:56.3779149+02:00" endTime="2026-06-24T14:49:57.7441221+02:00" testType="13cdc9d9-ddb5-4fa4-a97d-d965ccfc6d4b" outcome="Passed" testListId="8c84fa94-04c1-424b-9868-57a2d4851a1d" relativeResultsDirectory="ff417f3d-65fc-4aa3-b66e-3841e0fc024a" />
    <UnitTestResult executionId="ed768bd4-31f3-4a02-93a9-b7029bd38fa0" testId="af54af77-f384-3419-f52d-ae3b8c64183b" testName="WoWprojekt.Tests.PlayerProfilesApiControllerTests.GetAll_FilterByClassType_ReturnsOnlyMatchingPlayers" computerName="DESKTOP-IKICOCG" duration="00:00:00.8675584" startTime="2026-06-24T14:50:01.7907379+02:00" endTime="2026-06-24T14:50:02.6585593+02:00" testType="13cdc9d9-ddb5-4fa4-a97d-d965ccfc6d4b" outcome="Passed" testListId="8c84fa94-04c1-424b-9868-57a2d4851a1d" relativeResultsDirectory="ed768bd4-31f3-4a02-93a9-b7029bd38fa0" />
    <UnitTestResult executionId="a03e2bf8-5314-47eb-8d42-fed64e8ce606" testId="c3de63ea-fed6-2415-851a-d6721b19d7bd" testName="WoWprojekt.Tests.ProfessionsApiControllerTests.GetAll_Returns200AndList" computerName="DESKTOP-IKICOCG" duration="00:00:01.0107777" startTime="2026-06-24T14:49:54.0437389+02:00" endTime="2026-06-24T14:49:55.0884277+02:00" testType="13cdc9d9-ddb5-4fa4-a97d-d965ccfc6d4b" outcome="Passed" testListId="8c84fa94-04c1-424b-9868-57a2d4851a1d" relativeResultsDirectory="a03e2bf8-5314-47eb-8d42-fed64e8ce606" />
    <UnitTestResult executionId="6d867f5d-775e-41b8-9888-3498e538c822" testId="8fb2d44e-12a4-82a7-5f45-941052f37271" testName="WoWprojekt.Tests.RaidGuidesApiControllerTests.Delete_Removes_Returns204" computerName="DESKTOP-IKICOCG" duration="00:00:00.6966200" startTime="2026-06-24T14:50:01.0513541+02:00" endTime="2026-06-24T14:50:01.7499732+02:00" testType="13cdc9d9-ddb5-4fa4-a97d-d965ccfc6d4b" outcome="Passed" testListId="8c84fa94-04c1-424b-9868-57a2d4851a1d" relativeResultsDirectory="6d867f5d-775e-41b8-9888-3498e538c822" />
    <UnitTestResult executionId="770eb9b4-76f6-45a4-8bbe-b2d97e404562" testId="a09f188f-5119-d82b-75a0-9f93ab889402" testName="WoWprojekt.Tests.BossGuidesApiControllerTests.Put_Updates_Returns204" computerName="DESKTOP-IKICOCG" duration="00:00:01.0112558" startTime="2026-06-24T14:49:58.6063523+02:00" endTime="2026-06-24T14:49:59.6489863+02:00" testType="13cdc9d9-ddb5-4fa4-a97d-d965ccfc6d4b" outcome="Passed" testListId="8c84fa94-04c1-424b-9868-57a2d4851a1d" relativeResultsDirectory="770eb9b4-76f6-45a4-8bbe-b2d97e404562" />
    <UnitTestResult executionId="883bc0cb-0da7-4856-b6fb-fa1a90ca1d06" testId="27a9ed7e-6dd0-27b8-bc29-e523c9d9672d" testName="WoWprojekt.Tests.PlayerProfilesApiControllerTests.Put_Returns400_WhenGuildIdNotFound" computerName="DESKTOP-IKICOCG" duration="00:00:01.6177452" startTime="2026-06-24T14:49:48.7095027+02:00" endTime="2026-06-24T14:49:50.3590616+02:00" testType="13cdc9d9-ddb5-4fa4-a97d-d965ccfc6d4b" outcome="Passed" testListId="8c84fa94-04c1-424b-9868-57a2d4851a1d" relativeResultsDirectory="883bc0cb-0da7-4856-b6fb-fa1a90ca1d06" />
    <UnitTestResult executionId="64edbb08-0670-4a7b-a841-306d102c317b" testId="566b5a7d-1172-0db3-bfb2-1c64db263371" testName="WoWprojekt.Tests.PlayerProfilesApiControllerTests.Delete_Returns404_ForNonExistentId" computerName="DESKTOP-IKICOCG" duration="00:00:00.9491304" startTime="2026-06-24T14:50:00.1470817+02:00" endTime="2026-06-24T14:50:01.0464178+02:00" testType="13cdc9d9-ddb5-4fa4-a97d-d965ccfc6d4b" outcome="Passed" testListId="8c84fa94-04c1-424b-9868-57a2d4851a1d" relativeResultsDirectory="64edbb08-0670-4a7b-a841-306d102c317b" />
    <UnitTestResult executionId="8e8f815f-e6c2-4a86-ba27-b5e6b22fc020" testId="75a705ff-da2e-fba6-3c7f-b1804692d9ad" testName="WoWprojekt.Tests.GuildsApiControllerTests.Put_Returns400_WhenDuplicateName" computerName="DESKTOP-IKICOCG" duration="00:00:01.0499962" startTime="2026-06-24T14:49:54.0897556+02:00" endTime="2026-06-24T14:49:55.1394795+02:00" testType="13cdc9d9-ddb5-4fa4-a97d-d965ccfc6d4b" outcome="Passed" testListId="8c84fa94-04c1-424b-9868-57a2d4851a1d" relativeResultsDirectory="8e8f815f-e6c2-4a86-ba27-b5e6b22fc020" />
    <UnitTestResult executionId="7d07a5fd-d350-4307-a7a0-b071b1446eab" testId="c771aa99-ed42-7a7e-cb72-e3e9de57ad8b" testName="WoWprojekt.Tests.PlayerProfessionsApiControllerTests.Delete_Removes_Returns204" computerName="DESKTOP-IKICOCG" duration="00:00:00.9776824" startTime="2026-06-24T14:49:59.0629727+02:00" endTime="2026-06-24T14:50:00.0239135+02:00" testType="13cdc9d9-ddb5-4fa4-a97d-d965ccfc6d4b" outcome="Passed" testListId="8c84fa94-04c1-424b-9868-57a2d4851a1d" relativeResultsDirectory="7d07a5fd-d350-4307-a7a0-b071b1446eab" />
    <UnitTestResult executionId="42d71585-ae83-40cd-814e-37753d4acc7e" testId="2c578aa6-1009-59ad-42d8-56fbc1cfca28" testName="WoWprojekt.Tests.TalentBuildsApiControllerTests.GetAll_Returns200AndList" computerName="DESKTOP-IKICOCG" duration="00:00:01.2491588" startTime="2026-06-24T14:49:55.2397170+02:00" endTime="2026-06-24T14:49:56.5032616+02:00" testType="13cdc9d9-ddb5-4fa4-a97d-d965ccfc6d4b" outcome="Passed" testListId="8c84fa94-04c1-424b-9868-57a2d4851a1d" relativeResultsDirectory="42d71585-ae83-40cd-814e-37753d4acc7e" />
    <UnitTestResult executionId="d816a512-e45e-4816-9f8a-057974930406" testId="56922337-d49e-510b-5ab4-16af84ccb81a" testName="WoWprojekt.Tests.PlayerProfilesApiControllerTests.Put_Returns404_ForNonExistentId" computerName="DESKTOP-IKICOCG" duration="00:00:00.6893361" startTime="2026-06-24T14:50:03.3203029+02:00" endTime="2026-06-24T14:50:04.0099657+02:00" testType="13cdc9d9-ddb5-4fa4-a97d-d965ccfc6d4b" outcome="Passed" testListId="8c84fa94-04c1-424b-9868-57a2d4851a1d" relativeResultsDirectory="d816a512-e45e-4816-9f8a-057974930406" />
    <UnitTestResult executionId="aeb7cc13-6c6e-4dc9-905a-462d09deb19d" testId="700e7985-6737-d7ad-f025-0520288d4604" testName="WoWprojekt.Tests.PlayerProfilesApiControllerTests.GetAll_FilterByHasGuild_True_ReturnsOnlyGuildMembers" computerName="DESKTOP-IKICOCG" duration="00:00:01.3726370" startTime="2026-06-24T14:49:53.5640474+02:00" endTime="2026-06-24T14:49:54.9360572+02:00" testType="13cdc9d9-ddb5-4fa4-a97d-d965ccfc6d4b" outcome="Passed" testListId="8c84fa94-04c1-424b-9868-57a2d4851a1d" relativeResultsDirectory="aeb7cc13-6c6e-4dc9-905a-462d09deb19d" />
    <UnitTestResult executionId="aa582b0c-238d-476a-b75e-43d0b6ab8bd1" testId="24577241-80f9-177a-eb8a-472c272ad7ad" testName="WoWprojekt.Tests.BossGuidesApiControllerTests.Post_Returns400_WithoutBossName" computerName="DESKTOP-IKICOCG" duration="00:00:01.1874092" startTime="2026-06-24T14:49:53.5682899+02:00" endTime="2026-06-24T14:49:54.7727103+02:00" testType="13cdc9d9-ddb5-4fa4-a97d-d965ccfc6d4b" outcome="Passed" testListId="8c84fa94-04c1-424b-9868-57a2d4851a1d" relativeResultsDirectory="aa582b0c-238d-476a-b75e-43d0b6ab8bd1" />
    <UnitTestResult executionId="0d6202f3-6a14-47ed-a482-68062827b7b8" testId="04f743d1-c2e8-4526-5e0c-8ce24129bab7" testName="WoWprojekt.Tests.GuildsApiControllerTests.Post_Creates_Returns201" computerName="DESKTOP-IKICOCG" duration="00:00:00.9979238" startTime="2026-06-24T14:49:55.1398427+02:00" endTime="2026-06-24T14:49:56.1473183+02:00" testType="13cdc9d9-ddb5-4fa4-a97d-d965ccfc6d4b" outcome="Passed" testListId="8c84fa94-04c1-424b-9868-57a2d4851a1d" relativeResultsDirectory="0d6202f3-6a14-47ed-a482-68062827b7b8" />
    <UnitTestResult executionId="43f223ed-6046-45da-9e1d-1c10bc0fb31d" testId="df279221-08b0-e143-cc80-7c32b7fb95c6" testName="WoWprojekt.Tests.BossGuideImagesControllerTests.Delete_Returns404_WhenImageNotExists" computerName="DESKTOP-IKICOCG" duration="00:00:01.4883686" startTime="2026-06-24T14:49:55.9284552+02:00" endTime="2026-06-24T14:49:57.4207610+02:00" testType="13cdc9d9-ddb5-4fa4-a97d-d965ccfc6d4b" outcome="Passed" testListId="8c84fa94-04c1-424b-9868-57a2d4851a1d" relativeResultsDirectory="43f223ed-6046-45da-9e1d-1c10bc0fb31d" />
    <UnitTestResult executionId="4dcb6a24-8dce-4aec-9abd-75a390c02b31" testId="15cd1b8a-399e-2986-5b02-56a223bc2a93" testName="WoWprojekt.Tests.TalentBuildsApiControllerTests.GetById_Returns404_WhenNotExists" computerName="DESKTOP-IKICOCG" duration="00:00:01.3316861" startTime="2026-06-24T14:49:52.7798940+02:00" endTime="2026-06-24T14:49:54.1234055+02:00" testType="13cdc9d9-ddb5-4fa4-a97d-d965ccfc6d4b" outcome="Passed" testListId="8c84fa94-04c1-424b-9868-57a2d4851a1d" relativeResultsDirectory="4dcb6a24-8dce-4aec-9abd-75a390c02b31" />
    <UnitTestResult executionId="220d2b75-495c-4fee-8e1a-9759ce0bd1c3" testId="681b8941-e869-d630-d0b5-504d45600b14" testName="WoWprojekt.Tests.PlayerProfessionsApiControllerTests.GetAll_FilterByMinSkillLevel_ReturnsOnlyHighSkillLinks" computerName="DESKTOP-IKICOCG" duration="00:00:00.9787009" startTime="2026-06-24T14:50:00.0242371+02:00" endTime="2026-06-24T14:50:01.0036859+02:00" testType="13cdc9d9-ddb5-4fa4-a97d-d965ccfc6d4b" outcome="Passed" testListId="8c84fa94-04c1-424b-9868-57a2d4851a1d" relativeResultsDirectory="220d2b75-495c-4fee-8e1a-9759ce0bd1c3" />
    <UnitTestResult executionId="c7b01121-806f-4264-abc1-9e74c61ce3ed" testId="1784a3c7-60e5-11d9-6a23-927c3ec80264" testName="WoWprojekt.Tests.RaidGuidesApiControllerTests.Put_Returns404_ForNonExistentId" computerName="DESKTOP-IKICOCG" duration="00:00:01.0417891" startTime="2026-06-24T14:50:00.0089896+02:00" endTime="2026-06-24T14:50:01.0510596+02:00" testType="13cdc9d9-ddb5-4fa4-a97d-d965ccfc6d4b" outcome="Passed" testListId="8c84fa94-04c1-424b-9868-57a2d4851a1d" relativeResultsDirectory="c7b01121-806f-4264-abc1-9e74c61ce3ed" />
    <UnitTestResult executionId="5054fd76-84b9-48f2-8ade-447ea0a5a3d0" testId="41a13c77-12a5-d168-98e6-98babd6dd061" testName="WoWprojekt.Tests.ProfessionsApiControllerTests.Delete_Returns404_ForNonExistentId" computerName="DESKTOP-IKICOCG" duration="00:00:01.0341166" startTime="2026-06-24T14:49:58.9416324+02:00" endTime="2026-06-24T14:49:59.9752045+02:00" testType="13cdc9d9-ddb5-4fa4-a97d-d965ccfc6d4b" outcome="Passed" testListId="8c84fa94-04c1-424b-9868-57a2d4851a1d" relativeResultsDirectory="5054fd76-84b9-48f2-8ade-447ea0a5a3d0" />
    <UnitTestResult executionId="b34662a4-b4f8-4fb1-a313-2ea5dda90c00" testId="2113f1ea-fe3c-2584-73d5-c59a570ad036" testName="WoWprojekt.Tests.TalentBuildsApiControllerTests.GetById_Returns200_WhenExists" computerName="DESKTOP-IKICOCG" duration="00:00:00.6268520" startTime="2026-06-24T14:50:03.2429241+02:00" endTime="2026-06-24T14:50:03.8703955+02:00" testType="13cdc9d9-ddb5-4fa4-a97d-d965ccfc6d4b" outcome="Passed" testListId="8c84fa94-04c1-424b-9868-57a2d4851a1d" relativeResultsDirectory="b34662a4-b4f8-4fb1-a313-2ea5dda90c00" />
    <UnitTestResult executionId="79f01ff4-adc2-49b6-acf8-e2716d3ebcae" testId="5e4fbdb1-d59e-678b-c3ce-931a55e7bbfd" testName="WoWprojekt.Tests.RaidGuidesApiControllerTests.Put_Updates_Returns204" computerName="DESKTOP-IKICOCG" duration="00:00:00.6631658" startTime="2026-06-24T14:50:03.7000977+02:00" endTime="2026-06-24T14:50:04.3634912+02:00" testType="13cdc9d9-ddb5-4fa4-a97d-d965ccfc6d4b" outcome="Passed" testListId="8c84fa94-04c1-424b-9868-57a2d4851a1d" relativeResultsDirectory="79f01ff4-adc2-49b6-acf8-e2716d3ebcae" />
    <UnitTestResult executionId="563b69fa-6a1d-4023-aa01-7b84a76166b6" testId="2707983e-205a-3bee-8c49-c604373bb2e2" testName="WoWprojekt.Tests.RaidGuidesApiControllerTests.Post_Creates_Returns201" computerName="DESKTOP-IKICOCG" duration="00:00:00.7315857" startTime="2026-06-24T14:50:01.7503168+02:00" endTime="2026-06-24T14:50:02.4823698+02:00" testType="13cdc9d9-ddb5-4fa4-a97d-d965ccfc6d4b" outcome="Passed" testListId="8c84fa94-04c1-424b-9868-57a2d4851a1d" relativeResultsDirectory="563b69fa-6a1d-4023-aa01-7b84a76166b6" />
    <UnitTestResult executionId="519f2928-0ea2-4a4b-b9fa-6c575cd51191" testId="4d27ef1a-ff09-d47f-8d61-2d2c6e39bb57" testName="WoWprojekt.Tests.TalentBuildFilesApiControllerTests.Delete_Returns404_ForNonExistentFile" computerName="DESKTOP-IKICOCG" duration="00:00:00.9651077" startTime="2026-06-24T14:49:52.5404590+02:00" endTime="2026-06-24T14:49:53.5067140+02:00" testType="13cdc9d9-ddb5-4fa4-a97d-d965ccfc6d4b" outcome="Passed" testListId="8c84fa94-04c1-424b-9868-57a2d4851a1d" relativeResultsDirectory="519f2928-0ea2-4a4b-b9fa-6c575cd51191" />
    <UnitTestResult executionId="da50e7d7-55fe-4e68-9439-4b108382ff13" testId="5008d2bf-58fa-df36-dda6-bf9089c63ca5" testName="WoWprojekt.Tests.PlayerProfessionsApiControllerTests.GetById_Returns200_WhenExists" computerName="DESKTOP-IKICOCG" duration="00:00:01.3906265" startTime="2026-06-24T14:49:50.4350538+02:00" endTime="2026-06-24T14:49:51.7384855+02:00" testType="13cdc9d9-ddb5-4fa4-a97d-d965ccfc6d4b" outcome="Passed" testListId="8c84fa94-04c1-424b-9868-57a2d4851a1d" relativeResultsDirectory="da50e7d7-55fe-4e68-9439-4b108382ff13" />
    <UnitTestResult executionId="50a84efd-f3b6-494c-a3d5-16a890957f03" testId="b180ea19-5d24-aabd-2541-57599dd6fb5e" testName="WoWprojekt.Tests.BossGuidesApiControllerTests.Post_Creates_Returns201" computerName="DESKTOP-IKICOCG" duration="00:00:01.3862798" startTime="2026-06-24T14:49:57.1985951+02:00" endTime="2026-06-24T14:49:58.6059819+02:00" testType="13cdc9d9-ddb5-4fa4-a97d-d965ccfc6d4b" outcome="Passed" testListId="8c84fa94-04c1-424b-9868-57a2d4851a1d" relativeResultsDirectory="50a84efd-f3b6-494c-a3d5-16a890957f03" />
    <UnitTestResult executionId="c6e1038d-b9ee-495f-a938-919b58e9a3a5" testId="e699dd1e-d6c3-807f-f1bc-78d655c419aa" testName="WoWprojekt.Tests.TalentBuildsApiControllerTests.Put_Returns400_WhenPlayerProfileIdNotFound" computerName="DESKTOP-IKICOCG" duration="00:00:01.2170006" startTime="2026-06-24T14:49:56.5035902+02:00" endTime="2026-06-24T14:49:57.7328082+02:00" testType="13cdc9d9-ddb5-4fa4-a97d-d965ccfc6d4b" outcome="Passed" testListId="8c84fa94-04c1-424b-9868-57a2d4851a1d" relativeResultsDirectory="c6e1038d-b9ee-495f-a938-919b58e9a3a5" />
    <UnitTestResult executionId="49daabda-7a06-4540-bf36-2cbbb2032061" testId="e26343a3-2ec8-d7dc-0177-31a07464ba5c" testName="WoWprojekt.Tests.TalentBuildsApiControllerTests.Post_Returns400_WithoutBuildName" computerName="DESKTOP-IKICOCG" duration="00:00:00.7014413" startTime="2026-06-24T14:50:01.0962871+02:00" endTime="2026-06-24T14:50:01.7960668+02:00" testType="13cdc9d9-ddb5-4fa4-a97d-d965ccfc6d4b" outcome="Passed" testListId="8c84fa94-04c1-424b-9868-57a2d4851a1d" relativeResultsDirectory="49daabda-7a06-4540-bf36-2cbbb2032061" />
    <UnitTestResult executionId="6ec73b8c-897c-4ba2-bac6-c809a9f79a70" testId="64e0b536-37e7-1214-f2e7-88847d5bddf5" testName="WoWprojekt.Tests.BossGuidesApiControllerTests.Delete_Returns404_ForNonExistentId" computerName="DESKTOP-IKICOCG" duration="00:00:03.1886351" startTime="2026-06-24T14:49:47.1329950+02:00" endTime="2026-06-24T14:49:50.3601153+02:00" testType="13cdc9d9-ddb5-4fa4-a97d-d965ccfc6d4b" outcome="Passed" testListId="8c84fa94-04c1-424b-9868-57a2d4851a1d" relativeResultsDirectory="6ec73b8c-897c-4ba2-bac6-c809a9f79a70" />
    <UnitTestResult executionId="dadec029-3806-41d8-9984-06cfd0c127de" testId="11124e83-e26d-47ee-a32d-67991687e4db" testName="WoWprojekt.Tests.GuildsApiControllerTests.Post_Returns400_WithoutName" computerName="DESKTOP-IKICOCG" duration="00:00:03.1898802" startTime="2026-06-24T14:49:47.1331718+02:00" endTime="2026-06-24T14:49:50.3373416+02:00" testType="13cdc9d9-ddb5-4fa4-a97d-d965ccfc6d4b" outcome="Passed" testListId="8c84fa94-04c1-424b-9868-57a2d4851a1d" relativeResultsDirectory="dadec029-3806-41d8-9984-06cfd0c127de" />
    <UnitTestResult executionId="df5e41bc-0781-43da-a8dd-134c7178f8a3" testId="de47962f-1271-ecec-8acd-1a9817a85e7c" testName="WoWprojekt.Tests.BossGuidesApiControllerTests.Put_Returns404_ForNonExistentId" computerName="DESKTOP-IKICOCG" duration="00:00:01.4232798" startTime="2026-06-24T14:49:55.7190438+02:00" endTime="2026-06-24T14:49:57.1982148+02:00" testType="13cdc9d9-ddb5-4fa4-a97d-d965ccfc6d4b" outcome="Passed" testListId="8c84fa94-04c1-424b-9868-57a2d4851a1d" relativeResultsDirectory="df5e41bc-0781-43da-a8dd-134c7178f8a3" />
    <UnitTestResult executionId="11fd3eed-42ff-4afd-a0ce-3fb13213be2d" testId="83680d8e-f655-8d2d-67e0-334f59491bd2" testName="WoWprojekt.Tests.PlayerProfessionsApiControllerTests.GetAll_FilterByPlayerProfileId_ReturnsOnlyThatPlayersLinks" computerName="DESKTOP-IKICOCG" duration="00:00:01.3616552" startTime="2026-06-24T14:49:55.0063822+02:00" endTime="2026-06-24T14:49:56.3775613+02:00" testType="13cdc9d9-ddb5-4fa4-a97d-d965ccfc6d4b" outcome="Passed" testListId="8c84fa94-04c1-424b-9868-57a2d4851a1d" relativeResultsDirectory="11fd3eed-42ff-4afd-a0ce-3fb13213be2d" />
    <UnitTestResult executionId="987c5cf6-a4ba-4c79-ad8f-e7a872eb80ca" testId="4c061ed0-6a67-7166-79cc-88d6804215cf" testName="WoWprojekt.Tests.PlayerProfilesApiControllerTests.GetAll_FilterByHasGuild_False_ReturnsOnlyGuildless" computerName="DESKTOP-IKICOCG" duration="00:00:00.4957648" startTime="2026-06-24T14:50:04.6728408+02:00" endTime="2026-06-24T14:50:05.0939533+02:00" testType="13cdc9d9-ddb5-4fa4-a97d-d965ccfc6d4b" outcome="Passed" testListId="8c84fa94-04c1-424b-9868-57a2d4851a1d" relativeResultsDirectory="987c5cf6-a4ba-4c79-ad8f-e7a872eb80ca" />
    <UnitTestResult executionId="abf00217-5aa2-4b9f-8d50-1cee9e889ec7" testId="d8fc6de9-7a66-586a-5e33-e10df37822aa" testName="WoWprojekt.Tests.PlayerProfilesApiControllerTests.GetAll_Returns200AndList" computerName="DESKTOP-IKICOCG" duration="00:00:01.7357272" startTime="2026-06-24T14:49:55.9263670+02:00" endTime="2026-06-24T14:49:57.7137953+02:00" testType="13cdc9d9-ddb5-4fa4-a97d-d965ccfc6d4b" outcome="Passed" testListId="8c84fa94-04c1-424b-9868-57a2d4851a1d" relativeResultsDirectory="abf00217-5aa2-4b9f-8d50-1cee9e889ec7" />
    <UnitTestResult executionId="85148c04-e1cb-475d-9d1f-34a82d7ba776" testId="a48d16b9-60d6-db3a-8a16-088b3c66c7ad" testName="WoWprojekt.Tests.ProfessionsApiControllerTests.GetById_Returns200_WhenExists" computerName="DESKTOP-IKICOCG" duration="00:00:01.3906289" startTime="2026-06-24T14:49:50.4350195+02:00" endTime="2026-06-24T14:49:51.7544466+02:00" testType="13cdc9d9-ddb5-4fa4-a97d-d965ccfc6d4b" outcome="Passed" testListId="8c84fa94-04c1-424b-9868-57a2d4851a1d" relativeResultsDirectory="85148c04-e1cb-475d-9d1f-34a82d7ba776" />
    <UnitTestResult executionId="9ab0d813-cd7e-4348-9796-a166c1db5ef4" testId="fe11e5fd-6e98-7416-adc6-0eba99dfe13c" testName="WoWprojekt.Tests.PlayerProfilesApiControllerTests.Post_Returns400_WithoutCharacterName" computerName="DESKTOP-IKICOCG" duration="00:00:01.0485009" startTime="2026-06-24T14:49:50.4354173+02:00" endTime="2026-06-24T14:49:51.3907958+02:00" testType="13cdc9d9-ddb5-4fa4-a97d-d965ccfc6d4b" outcome="Passed" testListId="8c84fa94-04c1-424b-9868-57a2d4851a1d" relativeResultsDirectory="9ab0d813-cd7e-4348-9796-a166c1db5ef4" />
    <UnitTestResult executionId="c72eaae8-fd57-496e-99de-39cf4daa9c61" testId="2935c8b7-f05c-735a-a1c3-b3bae0821fd4" testName="WoWprojekt.Tests.GuildsApiControllerTests.GetById_Returns200_WhenExists" computerName="DESKTOP-IKICOCG" duration="00:00:00.7372824" startTime="2026-06-24T14:50:01.0570018+02:00" endTime="2026-06-24T14:50:01.7947253+02:00" testType="13cdc9d9-ddb5-4fa4-a97d-d965ccfc6d4b" outcome="Passed" testListId="8c84fa94-04c1-424b-9868-57a2d4851a1d" relativeResultsDirectory="c72eaae8-fd57-496e-99de-39cf4daa9c61" />
    <UnitTestResult executionId="00f5c7fc-d123-4e16-a12d-a610427c6ecc" testId="61d68848-f512-36a1-1167-42eba43c70c5" testName="WoWprojekt.Tests.GuildsApiControllerTests.Delete_Returns404_ForNonExistentId" computerName="DESKTOP-IKICOCG" duration="00:00:00.8795172" startTime="2026-06-24T14:49:59.2317773+02:00" endTime="2026-06-24T14:50:00.1473420+02:00" testType="13cdc9d9-ddb5-4fa4-a97d-d965ccfc6d4b" outcome="Passed" testListId="8c84fa94-04c1-424b-9868-57a2d4851a1d" relativeResultsDirectory="00f5c7fc-d123-4e16-a12d-a610427c6ecc" />
    <UnitTestResult executionId="c6403160-c00a-4b1d-979e-6d7b0a9fc6ea" testId="0bc5f216-811c-1978-5f15-efec5e011a80" testName="WoWprojekt.Tests.GuildsApiControllerTests.GetAll_Returns200AndList" computerName="DESKTOP-IKICOCG" duration="00:00:01.3845851" startTime="2026-06-24T14:49:57.7940922+02:00" endTime="2026-06-24T14:49:59.2314912+02:00" testType="13cdc9d9-ddb5-4fa4-a97d-d965ccfc6d4b" outcome="Passed" testListId="8c84fa94-04c1-424b-9868-57a2d4851a1d" relativeResultsDirectory="c6403160-c00a-4b1d-979e-6d7b0a9fc6ea" />
    <UnitTestResult executionId="e1680118-1ee5-4b05-928e-12605b3814ae" testId="d45c1375-539c-42b9-fd82-29d8cc9ae01a" testName="WoWprojekt.Tests.BossGuideImagesControllerTests.Upload_Returns404_WhenBossNotExists" computerName="DESKTOP-IKICOCG" duration="00:00:01.0250706" startTime="2026-06-24T14:49:53.8080831+02:00" endTime="2026-06-24T14:49:54.8773159+02:00" testType="13cdc9d9-ddb5-4fa4-a97d-d965ccfc6d4b" outcome="Passed" testListId="8c84fa94-04c1-424b-9868-57a2d4851a1d" relativeResultsDirectory="e1680118-1ee5-4b05-928e-12605b3814ae" />
  </Results>
  <TestDefinitions>
    <UnitTest name="WoWprojekt.Tests.BossGuidesApiControllerTests.Put_Returns404_ForNonExistentId" storage="c:\faks\.net\asp.net---world-of-warcraft-builds\wowprojekt\wowprojekt.tests\bin\debug\net10.0\wowprojekt.tests.dll" id="de47962f-1271-ecec-8acd-1a9817a85e7c">
      <Execution id="df5e41bc-0781-43da-a8dd-134c7178f8a3" />
      <TestMethod codeBase="C:\Faks\.NET\ASP.NET---World-of-Warcraft-builds\WoWprojekt\WoWprojekt.Tests\bin\Debug\net10.0\WoWprojekt.Tests.dll" adapterTypeName="executor://xunit/VsTestRunner3/netcore/" className="WoWprojekt.Tests.BossGuidesApiControllerTests" name="Put_Returns404_ForNonExistentId" />
    </UnitTest>
    <UnitTest name="WoWprojekt.Tests.PlayerProfessionsApiControllerTests.GetById_Returns200_WhenExists" storage="c:\faks\.net\asp.net---world-of-warcraft-builds\wowprojekt\wowprojekt.tests\bin\debug\net10.0\wowprojekt.tests.dll" id="5008d2bf-58fa-df36-dda6-bf9089c63ca5">
      <Execution id="da50e7d7-55fe-4e68-9439-4b108382ff13" />
      <TestMethod codeBase="C:\Faks\.NET\ASP.NET---World-of-Warcraft-builds\WoWprojekt\WoWprojekt.Tests\bin\Debug\net10.0\WoWprojekt.Tests.dll" adapterTypeName="executor://xunit/VsTestRunner3/netcore/" className="WoWprojekt.Tests.PlayerProfessionsApiControllerTests" name="GetById_Returns200_WhenExists" />
    </UnitTest>
    <UnitTest name="WoWprojekt.Tests.BossGuideImagesControllerTests.Upload_Returns400_WhenInvalidExtension" storage="c:\faks\.net\asp.net---world-of-warcraft-builds\wowprojekt\wowprojekt.tests\bin\debug\net10.0\wowprojekt.tests.dll" id="a5379f7d-b1be-baf3-29fc-30fb02a7512f">
      <Execution id="3dbaedc7-c86a-48e6-822c-6cff3426de23" />
      <TestMethod codeBase="C:\Faks\.NET\ASP.NET---World-of-Warcraft-builds\WoWprojekt\WoWprojekt.Tests\bin\Debug\net10.0\WoWprojekt.Tests.dll" adapterTypeName="executor://xunit/VsTestRunner3/netcore/" className="WoWprojekt.Tests.BossGuideImagesControllerTests" name="Upload_Returns400_WhenInvalidExtension" />
    </UnitTest>
    <UnitTest name="WoWprojekt.Tests.TalentBuildsApiControllerTests.Post_Returns400_WhenPlayerProfileIdNotFound" storage="c:\faks\.net\asp.net---world-of-warcraft-builds\wowprojekt\wowprojekt.tests\bin\debug\net10.0\wowprojekt.tests.dll" id="759a359d-50b7-b348-3162-59d64da0e303">
      <Execution id="550546ea-34d1-4d4a-adab-bcbd53d721d9" />
      <TestMethod codeBase="C:\Faks\.NET\ASP.NET---World-of-Warcraft-builds\WoWprojekt\WoWprojekt.Tests\bin\Debug\net10.0\WoWprojekt.Tests.dll" adapterTypeName="executor://xunit/VsTestRunner3/netcore/" className="WoWprojekt.Tests.TalentBuildsApiControllerTests" name="Post_Returns400_WhenPlayerProfileIdNotFound" />
    </UnitTest>
    <UnitTest name="WoWprojekt.Tests.RaidGuidesApiControllerTests.Post_Creates_Returns201" storage="c:\faks\.net\asp.net---world-of-warcraft-builds\wowprojekt\wowprojekt.tests\bin\debug\net10.0\wowprojekt.tests.dll" id="2707983e-205a-3bee-8c49-c604373bb2e2">
      <Execution id="563b69fa-6a1d-4023-aa01-7b84a76166b6" />
      <TestMethod codeBase="C:\Faks\.NET\ASP.NET---World-of-Warcraft-builds\WoWprojekt\WoWprojekt.Tests\bin\Debug\net10.0\WoWprojekt.Tests.dll" adapterTypeName="executor://xunit/VsTestRunner3/netcore/" className="WoWprojekt.Tests.RaidGuidesApiControllerTests" name="Post_Creates_Returns201" />
    </UnitTest>
    <UnitTest name="WoWprojekt.Tests.PlayerProfessionsApiControllerTests.GetById_Returns404_WhenNotExists" storage="c:\faks\.net\asp.net---world-of-warcraft-builds\wowprojekt\wowprojekt.tests\bin\debug\net10.0\wowprojekt.tests.dll" id="31623f62-ce88-8569-f903-e2bb0ddd1649">
      <Execution id="ff417f3d-65fc-4aa3-b66e-3841e0fc024a" />
      <TestMethod codeBase="C:\Faks\.NET\ASP.NET---World-of-Warcraft-builds\WoWprojekt\WoWprojekt.Tests\bin\Debug\net10.0\WoWprojekt.Tests.dll" adapterTypeName="executor://xunit/VsTestRunner3/netcore/" className="WoWprojekt.Tests.PlayerProfessionsApiControllerTests" name="GetById_Returns404_WhenNotExists" />
    </UnitTest>
    <UnitTest name="WoWprojekt.Tests.PlayerProfessionsApiControllerTests.Put_Updates_Returns204" storage="c:\faks\.net\asp.net---world-of-warcraft-builds\wowprojekt\wowprojekt.tests\bin\debug\net10.0\wowprojekt.tests.dll" id="be32d9e7-b39b-637d-c272-5ea01ac6eb66">
      <Execution id="520e4780-cb1f-4b6b-981e-f26a697321f9" />
      <TestMethod codeBase="C:\Faks\.NET\ASP.NET---World-of-Warcraft-builds\WoWprojekt\WoWprojekt.Tests\bin\Debug\net10.0\WoWprojekt.Tests.dll" adapterTypeName="executor://xunit/VsTestRunner3/netcore/" className="WoWprojekt.Tests.PlayerProfessionsApiControllerTests" name="Put_Updates_Returns204" />
    </UnitTest>
    <UnitTest name="WoWprojekt.Tests.ProfessionsApiControllerTests.Delete_Removes_Returns204" storage="c:\faks\.net\asp.net---world-of-warcraft-builds\wowprojekt\wowprojekt.tests\bin\debug\net10.0\wowprojekt.tests.dll" id="ea562630-3507-675c-263c-118592923f87">
      <Execution id="4babb9c1-b023-4411-a9f9-3842d5110f09" />
      <TestMethod codeBase="C:\Faks\.NET\ASP.NET---World-of-Warcraft-builds\WoWprojekt\WoWprojekt.Tests\bin\Debug\net10.0\WoWprojekt.Tests.dll" adapterTypeName="executor://xunit/VsTestRunner3/netcore/" className="WoWprojekt.Tests.ProfessionsApiControllerTests" name="Delete_Removes_Returns204" />
    </UnitTest>
    <UnitTest name="WoWprojekt.Tests.ProfessionsApiControllerTests.Post_Creates_Returns201" storage="c:\faks\.net\asp.net---world-of-warcraft-builds\wowprojekt\wowprojekt.tests\bin\debug\net10.0\wowprojekt.tests.dll" id="6ad4bba0-ba70-3995-7963-dbc534aedc88">
      <Execution id="da0d6e4a-87ad-4e6f-bbdb-31454842d9e5" />
      <TestMethod codeBase="C:\Faks\.NET\ASP.NET---World-of-Warcraft-builds\WoWprojekt\WoWprojekt.Tests\bin\Debug\net10.0\WoWprojekt.Tests.dll" adapterTypeName="executor://xunit/VsTestRunner3/netcore/" className="WoWprojekt.Tests.ProfessionsApiControllerTests" name="Post_Creates_Returns201" />
    </UnitTest>
    <UnitTest name="WoWprojekt.Tests.TalentBuildFilesApiControllerTests.Delete_Removes_Returns204" storage="c:\faks\.net\asp.net---world-of-warcraft-builds\wowprojekt\wowprojekt.tests\bin\debug\net10.0\wowprojekt.tests.dll" id="c6c7f2e4-078e-7e2c-fdce-722b1197cc88">
      <Execution id="a3b6d53c-f096-4b56-bbdd-a93ceb99d95e" />
      <TestMethod codeBase="C:\Faks\.NET\ASP.NET---World-of-Warcraft-builds\WoWprojekt\WoWprojekt.Tests\bin\Debug\net10.0\WoWprojekt.Tests.dll" adapterTypeName="executor://xunit/VsTestRunner3/netcore/" className="WoWprojekt.Tests.TalentBuildFilesApiControllerTests" name="Delete_Removes_Returns204" />
    </UnitTest>
    <UnitTest name="WoWprojekt.Tests.TalentBuildsApiControllerTests.Post_Returns400_WithoutBuildName" storage="c:\faks\.net\asp.net---world-of-warcraft-builds\wowprojekt\wowprojekt.tests\bin\debug\net10.0\wowprojekt.tests.dll" id="e26343a3-2ec8-d7dc-0177-31a07464ba5c">
      <Execution id="49daabda-7a06-4540-bf36-2cbbb2032061" />
      <TestMethod codeBase="C:\Faks\.NET\ASP.NET---World-of-Warcraft-builds\WoWprojekt\WoWprojekt.Tests\bin\Debug\net10.0\WoWprojekt.Tests.dll" adapterTypeName="executor://xunit/VsTestRunner3/netcore/" className="WoWprojekt.Tests.TalentBuildsApiControllerTests" name="Post_Returns400_WithoutBuildName" />
    </UnitTest>
    <UnitTest name="WoWprojekt.Tests.RaidGuidesApiControllerTests.Put_Returns404_ForNonExistentId" storage="c:\faks\.net\asp.net---world-of-warcraft-builds\wowprojekt\wowprojekt.tests\bin\debug\net10.0\wowprojekt.tests.dll" id="1784a3c7-60e5-11d9-6a23-927c3ec80264">
      <Execution id="c7b01121-806f-4264-abc1-9e74c61ce3ed" />
      <TestMethod codeBase="C:\Faks\.NET\ASP.NET---World-of-Warcraft-builds\WoWprojekt\WoWprojekt.Tests\bin\Debug\net10.0\WoWprojekt.Tests.dll" adapterTypeName="executor://xunit/VsTestRunner3/netcore/" className="WoWprojekt.Tests.RaidGuidesApiControllerTests" name="Put_Returns404_ForNonExistentId" />
    </UnitTest>
    <UnitTest name="WoWprojekt.Tests.RaidGuidesApiControllerTests.Post_Returns400_WithoutRaidName" storage="c:\faks\.net\asp.net---world-of-warcraft-builds\wowprojekt\wowprojekt.tests\bin\debug\net10.0\wowprojekt.tests.dll" id="f931396a-8ea1-589a-3ec0-9e757528e548">
      <Execution id="8ce5cb5f-1bcd-4341-a480-a6a4c79c4088" />
      <TestMethod codeBase="C:\Faks\.NET\ASP.NET---World-of-Warcraft-builds\WoWprojekt\WoWprojekt.Tests\bin\Debug\net10.0\WoWprojekt.Tests.dll" adapterTypeName="executor://xunit/VsTestRunner3/netcore/" className="WoWprojekt.Tests.RaidGuidesApiControllerTests" name="Post_Returns400_WithoutRaidName" />
    </UnitTest>
    <UnitTest name="WoWprojekt.Tests.PlayerProfilesApiControllerTests.GetById_Returns200_WhenExists" storage="c:\faks\.net\asp.net---world-of-warcraft-builds\wowprojekt\wowprojekt.tests\bin\debug\net10.0\wowprojekt.tests.dll" id="f07e8f78-4872-431c-da3b-83c927ccdc06">
      <Execution id="6be5c950-ffdb-4332-8886-e6680d896fad" />
      <TestMethod codeBase="C:\Faks\.NET\ASP.NET---World-of-Warcraft-builds\WoWprojekt\WoWprojekt.Tests\bin\Debug\net10.0\WoWprojekt.Tests.dll" adapterTypeName="executor://xunit/VsTestRunner3/netcore/" className="WoWprojekt.Tests.PlayerProfilesApiControllerTests" name="GetById_Returns200_WhenExists" />
    </UnitTest>
    <UnitTest name="WoWprojekt.Tests.BossGuidesApiControllerTests.GetById_Returns404_WhenNotExists" storage="c:\faks\.net\asp.net---world-of-warcraft-builds\wowprojekt\wowprojekt.tests\bin\debug\net10.0\wowprojekt.tests.dll" id="f218fcd2-8778-67e9-bcc9-00d16fb2bf20">
      <Execution id="25076051-cede-4002-a8d3-67bc0c69b1e8" />
      <TestMethod codeBase="C:\Faks\.NET\ASP.NET---World-of-Warcraft-builds\WoWprojekt\WoWprojekt.Tests\bin\Debug\net10.0\WoWprojekt.Tests.dll" adapterTypeName="executor://xunit/VsTestRunner3/netcore/" className="WoWprojekt.Tests.BossGuidesApiControllerTests" name="GetById_Returns404_WhenNotExists" />
    </UnitTest>
    <UnitTest name="WoWprojekt.Tests.PlayerProfessionsApiControllerTests.Put_Returns404_ForNonExistentLink" storage="c:\faks\.net\asp.net---world-of-warcraft-builds\wowprojekt\wowprojekt.tests\bin\debug\net10.0\wowprojekt.tests.dll" id="1ee104cb-4664-aa26-4ed4-0cb7f112f63f">
      <Execution id="0bbe9d9a-3eed-4438-aa33-b76d61264b5b" />
      <TestMethod codeBase="C:\Faks\.NET\ASP.NET---World-of-Warcraft-builds\WoWprojekt\WoWprojekt.Tests\bin\Debug\net10.0\WoWprojekt.Tests.dll" adapterTypeName="executor://xunit/VsTestRunner3/netcore/" className="WoWprojekt.Tests.PlayerProfessionsApiControllerTests" name="Put_Returns404_ForNonExistentLink" />
    </UnitTest>
    <UnitTest name="WoWprojekt.Tests.RaidGuidesApiControllerTests.Delete_Removes_Returns204" storage="c:\faks\.net\asp.net---world-of-warcraft-builds\wowprojekt\wowprojekt.tests\bin\debug\net10.0\wowprojekt.tests.dll" id="8fb2d44e-12a4-82a7-5f45-941052f37271">
      <Execution id="6d867f5d-775e-41b8-9888-3498e538c822" />
      <TestMethod codeBase="C:\Faks\.NET\ASP.NET---World-of-Warcraft-builds\WoWprojekt\WoWprojekt.Tests\bin\Debug\net10.0\WoWprojekt.Tests.dll" adapterTypeName="executor://xunit/VsTestRunner3/netcore/" className="WoWprojekt.Tests.RaidGuidesApiControllerTests" name="Delete_Removes_Returns204" />
    </UnitTest>
    <UnitTest name="WoWprojekt.Tests.BossGuideImagesControllerTests.Delete_Returns404_WhenImageBelongsToDifferentBoss" storage="c:\faks\.net\asp.net---world-of-warcraft-builds\wowprojekt\wowprojekt.tests\bin\debug\net10.0\wowprojekt.tests.dll" id="cfebdb55-bd5c-0957-53c0-e1b05749bb63">
      <Execution id="8ff02a11-9461-407a-b468-3ea26b1ec063" />
      <TestMethod codeBase="C:\Faks\.NET\ASP.NET---World-of-Warcraft-builds\WoWprojekt\WoWprojekt.Tests\bin\Debug\net10.0\WoWprojekt.Tests.dll" adapterTypeName="executor://xunit/VsTestRunner3/netcore/" className="WoWprojekt.Tests.BossGuideImagesControllerTests" name="Delete_Returns404_WhenImageBelongsToDifferentBoss" />
    </UnitTest>
    <UnitTest name="WoWprojekt.Tests.TalentBuildFilesApiControllerTests.Post_Returns400_WhenFileIsMissing" storage="c:\faks\.net\asp.net---world-of-warcraft-builds\wowprojekt\wowprojekt.tests\bin\debug\net10.0\wowprojekt.tests.dll" id="adcc98fa-d9be-6df0-490f-35260c91c922">
      <Execution id="be26df79-78a5-4c85-9626-25374fbab717" />
      <TestMethod codeBase="C:\Faks\.NET\ASP.NET---World-of-Warcraft-builds\WoWprojekt\WoWprojekt.Tests\bin\Debug\net10.0\WoWprojekt.Tests.dll" adapterTypeName="executor://xunit/VsTestRunner3/netcore/" className="WoWprojekt.Tests.TalentBuildFilesApiControllerTests" name="Post_Returns400_WhenFileIsMissing" />
    </UnitTest>
    <UnitTest name="WoWprojekt.Tests.TalentBuildFilesApiControllerTests.Post_Returns404_WhenBuildDoesNotExist" storage="c:\faks\.net\asp.net---world-of-warcraft-builds\wowprojekt\wowprojekt.tests\bin\debug\net10.0\wowprojekt.tests.dll" id="785217c7-99ff-5c8a-2de4-a5435c2692ad">
      <Execution id="37368d87-fdd7-46dd-916b-3a5ddb68aa42" />
      <TestMethod codeBase="C:\Faks\.NET\ASP.NET---World-of-Warcraft-builds\WoWprojekt\WoWprojekt.Tests\bin\Debug\net10.0\WoWprojekt.Tests.dll" adapterTypeName="executor://xunit/VsTestRunner3/netcore/" className="WoWprojekt.Tests.TalentBuildFilesApiControllerTests" name="Post_Returns404_WhenBuildDoesNotExist" />
    </UnitTest>
    <UnitTest name="WoWprojekt.Tests.RaidGuidesApiControllerTests.GetById_Returns200_WhenExists" storage="c:\faks\.net\asp.net---world-of-warcraft-builds\wowprojekt\wowprojekt.tests\bin\debug\net10.0\wowprojekt.tests.dll" id="af5bfe17-16b7-9fc5-2737-580f41e0b4d8">
      <Execution id="be7fd3e0-269e-43d6-b890-675fb8491ce2" />
      <TestMethod codeBase="C:\Faks\.NET\ASP.NET---World-of-Warcraft-builds\WoWprojekt\WoWprojekt.Tests\bin\Debug\net10.0\WoWprojekt.Tests.dll" adapterTypeName="executor://xunit/VsTestRunner3/netcore/" className="WoWprojekt.Tests.RaidGuidesApiControllerTests" name="GetById_Returns200_WhenExists" />
    </UnitTest>
    <UnitTest name="WoWprojekt.Tests.PlayerProfessionsApiControllerTests.Delete_Removes_Returns204" storage="c:\faks\.net\asp.net---world-of-warcraft-builds\wowprojekt\wowprojekt.tests\bin\debug\net10.0\wowprojekt.tests.dll" id="c771aa99-ed42-7a7e-cb72-e3e9de57ad8b">
      <Execution id="7d07a5fd-d350-4307-a7a0-b071b1446eab" />
      <TestMethod codeBase="C:\Faks\.NET\ASP.NET---World-of-Warcraft-builds\WoWprojekt\WoWprojekt.Tests\bin\Debug\net10.0\WoWprojekt.Tests.dll" adapterTypeName="executor://xunit/VsTestRunner3/netcore/" className="WoWprojekt.Tests.PlayerProfessionsApiControllerTests" name="Delete_Removes_Returns204" />
    </UnitTest>
    <UnitTest name="WoWprojekt.Tests.TalentBuildsApiControllerTests.GetById_Returns200_WhenExists" storage="c:\faks\.net\asp.net---world-of-warcraft-builds\wowprojekt\wowprojekt.tests\bin\debug\net10.0\wowprojekt.tests.dll" id="2113f1ea-fe3c-2584-73d5-c59a570ad036">
      <Execution id="b34662a4-b4f8-4fb1-a313-2ea5dda90c00" />
      <TestMethod codeBase="C:\Faks\.NET\ASP.NET---World-of-Warcraft-builds\WoWprojekt\WoWprojekt.Tests\bin\Debug\net10.0\WoWprojekt.Tests.dll" adapterTypeName="executor://xunit/VsTestRunner3/netcore/" className="WoWprojekt.Tests.TalentBuildsApiControllerTests" name="GetById_Returns200_WhenExists" />
    </UnitTest>
    <UnitTest name="WoWprojekt.Tests.RaidGuidesApiControllerTests.GetAll_Returns200AndList" storage="c:\faks\.net\asp.net---world-of-warcraft-builds\wowprojekt\wowprojekt.tests\bin\debug\net10.0\wowprojekt.tests.dll" id="da6fddd3-b7d3-a694-c759-5334687c51dd">
      <Execution id="35f99a02-f737-4a1c-b947-b02051f831b2" />
      <TestMethod codeBase="C:\Faks\.NET\ASP.NET---World-of-Warcraft-builds\WoWprojekt\WoWprojekt.Tests\bin\Debug\net10.0\WoWprojekt.Tests.dll" adapterTypeName="executor://xunit/VsTestRunner3/netcore/" className="WoWprojekt.Tests.RaidGuidesApiControllerTests" name="GetAll_Returns200AndList" />
    </UnitTest>
    <UnitTest name="WoWprojekt.Tests.BossGuideImagesControllerTests.Delete_Returns204_WhenImageExists" storage="c:\faks\.net\asp.net---world-of-warcraft-builds\wowprojekt\wowprojekt.tests\bin\debug\net10.0\wowprojekt.tests.dll" id="d5fd1ef3-6c14-ebf4-3eda-351dbe3136ed">
      <Execution id="524095e7-c429-4632-8482-386e9d4b7bc5" />
      <TestMethod codeBase="C:\Faks\.NET\ASP.NET---World-of-Warcraft-builds\WoWprojekt\WoWprojekt.Tests\bin\Debug\net10.0\WoWprojekt.Tests.dll" adapterTypeName="executor://xunit/VsTestRunner3/netcore/" className="WoWprojekt.Tests.BossGuideImagesControllerTests" name="Delete_Returns204_WhenImageExists" />
    </UnitTest>
    <UnitTest name="WoWprojekt.Tests.PlayerProfilesApiControllerTests.GetAll_FilterByHasGuild_True_ReturnsOnlyGuildMembers" storage="c:\faks\.net\asp.net---world-of-warcraft-builds\wowprojekt\wowprojekt.tests\bin\debug\net10.0\wowprojekt.tests.dll" id="700e7985-6737-d7ad-f025-0520288d4604">
      <Execution id="aeb7cc13-6c6e-4dc9-905a-462d09deb19d" />
      <TestMethod codeBase="C:\Faks\.NET\ASP.NET---World-of-Warcraft-builds\WoWprojekt\WoWprojekt.Tests\bin\Debug\net10.0\WoWprojekt.Tests.dll" adapterTypeName="executor://xunit/VsTestRunner3/netcore/" className="WoWprojekt.Tests.PlayerProfilesApiControllerTests" name="GetAll_FilterByHasGuild_True_ReturnsOnlyGuildMembers" />
    </UnitTest>
    <UnitTest name="WoWprojekt.Tests.TalentBuildsApiControllerTests.GetById_Returns404_WhenNotExists" storage="c:\faks\.net\asp.net---world-of-warcraft-builds\wowprojekt\wowprojekt.tests\bin\debug\net10.0\wowprojekt.tests.dll" id="15cd1b8a-399e-2986-5b02-56a223bc2a93">
      <Execution id="4dcb6a24-8dce-4aec-9abd-75a390c02b31" />
      <TestMethod codeBase="C:\Faks\.NET\ASP.NET---World-of-Warcraft-builds\WoWprojekt\WoWprojekt.Tests\bin\Debug\net10.0\WoWprojekt.Tests.dll" adapterTypeName="executor://xunit/VsTestRunner3/netcore/" className="WoWprojekt.Tests.TalentBuildsApiControllerTests" name="GetById_Returns404_WhenNotExists" />
    </UnitTest>
    <UnitTest name="WoWprojekt.Tests.TalentBuildFilesApiControllerTests.GetAll_Returns200AndList" storage="c:\faks\.net\asp.net---world-of-warcraft-builds\wowprojekt\wowprojekt.tests\bin\debug\net10.0\wowprojekt.tests.dll" id="c7401b06-cfdb-4e03-2aa5-1bd2cdf61e35">
      <Execution id="81c6c4bf-6722-49ac-a370-034606e652fa" />
      <TestMethod codeBase="C:\Faks\.NET\ASP.NET---World-of-Warcraft-builds\WoWprojekt\WoWprojekt.Tests\bin\Debug\net10.0\WoWprojekt.Tests.dll" adapterTypeName="executor://xunit/VsTestRunner3/netcore/" className="WoWprojekt.Tests.TalentBuildFilesApiControllerTests" name="GetAll_Returns200AndList" />
    </UnitTest>
    <UnitTest name="WoWprojekt.Tests.PlayerProfessionsApiControllerTests.GetAll_FilterByQ_ReturnsOnlyMatchingLinks" storage="c:\faks\.net\asp.net---world-of-warcraft-builds\wowprojekt\wowprojekt.tests\bin\debug\net10.0\wowprojekt.tests.dll" id="e6e40fd5-eccb-fa99-91d4-ac44684f4a12">
      <Execution id="98a745fd-9215-44d3-bfdc-f050adbd193c" />
      <TestMethod codeBase="C:\Faks\.NET\ASP.NET---World-of-Warcraft-builds\WoWprojekt\WoWprojekt.Tests\bin\Debug\net10.0\WoWprojekt.Tests.dll" adapterTypeName="executor://xunit/VsTestRunner3/netcore/" className="WoWprojekt.Tests.PlayerProfessionsApiControllerTests" name="GetAll_FilterByQ_ReturnsOnlyMatchingLinks" />
    </UnitTest>
    <UnitTest name="WoWprojekt.Tests.PlayerProfilesApiControllerTests.GetAll_FilterByClassType_ReturnsOnlyMatchingPlayers" storage="c:\faks\.net\asp.net---world-of-warcraft-builds\wowprojekt\wowprojekt.tests\bin\debug\net10.0\wowprojekt.tests.dll" id="af54af77-f384-3419-f52d-ae3b8c64183b">
      <Execution id="ed768bd4-31f3-4a02-93a9-b7029bd38fa0" />
      <TestMethod codeBase="C:\Faks\.NET\ASP.NET---World-of-Warcraft-builds\WoWprojekt\WoWprojekt.Tests\bin\Debug\net10.0\WoWprojekt.Tests.dll" adapterTypeName="executor://xunit/VsTestRunner3/netcore/" className="WoWprojekt.Tests.PlayerProfilesApiControllerTests" name="GetAll_FilterByClassType_ReturnsOnlyMatchingPlayers" />
    </UnitTest>
    <UnitTest name="WoWprojekt.Tests.RaidGuidesApiControllerTests.GetById_Returns404_WhenNotExists" storage="c:\faks\.net\asp.net---world-of-warcraft-builds\wowprojekt\wowprojekt.tests\bin\debug\net10.0\wowprojekt.tests.dll" id="33da8dca-9e77-fcd9-36b1-1adce1414157">
      <Execution id="ee5eb734-0cc0-4b20-86ff-d3b27c8c5783" />
      <TestMethod codeBase="C:\Faks\.NET\ASP.NET---World-of-Warcraft-builds\WoWprojekt\WoWprojekt.Tests\bin\Debug\net10.0\WoWprojekt.Tests.dll" adapterTypeName="executor://xunit/VsTestRunner3/netcore/" className="WoWprojekt.Tests.RaidGuidesApiControllerTests" name="GetById_Returns404_WhenNotExists" />
    </UnitTest>
    <UnitTest name="WoWprojekt.Tests.ProfessionsApiControllerTests.Put_Updates_Returns204" storage="c:\faks\.net\asp.net---world-of-warcraft-builds\wowprojekt\wowprojekt.tests\bin\debug\net10.0\wowprojekt.tests.dll" id="ae70b5f8-0f1d-3eaa-1020-bc97c73ebe62">
      <Execution id="b964e4a3-1276-4f5b-b9bd-4aa3f92333b1" />
      <TestMethod codeBase="C:\Faks\.NET\ASP.NET---World-of-Warcraft-builds\WoWprojekt\WoWprojekt.Tests\bin\Debug\net10.0\WoWprojekt.Tests.dll" adapterTypeName="executor://xunit/VsTestRunner3/netcore/" className="WoWprojekt.Tests.ProfessionsApiControllerTests" name="Put_Updates_Returns204" />
    </UnitTest>
    <UnitTest name="WoWprojekt.Tests.PlayerProfilesApiControllerTests.Put_Returns400_WhenCharacterNameAlreadyTakenByOtherPlayer" storage="c:\faks\.net\asp.net---world-of-warcraft-builds\wowprojekt\wowprojekt.tests\bin\debug\net10.0\wowprojekt.tests.dll" id="353d11aa-6dcf-a07a-dda3-341377a4a426">
      <Execution id="f0cb2e81-6082-4632-a6b4-9fe5540ec3d7" />
      <TestMethod codeBase="C:\Faks\.NET\ASP.NET---World-of-Warcraft-builds\WoWprojekt\WoWprojekt.Tests\bin\Debug\net10.0\WoWprojekt.Tests.dll" adapterTypeName="executor://xunit/VsTestRunner3/netcore/" className="WoWprojekt.Tests.PlayerProfilesApiControllerTests" name="Put_Returns400_WhenCharacterNameAlreadyTakenByOtherPlayer" />
    </UnitTest>
    <UnitTest name="WoWprojekt.Tests.PlayerProfilesApiControllerTests.Delete_Returns404_ForNonExistentId" storage="c:\faks\.net\asp.net---world-of-warcraft-builds\wowprojekt\wowprojekt.tests\bin\debug\net10.0\wowprojekt.tests.dll" id="566b5a7d-1172-0db3-bfb2-1c64db263371">
      <Execution id="64edbb08-0670-4a7b-a841-306d102c317b" />
      <TestMethod codeBase="C:\Faks\.NET\ASP.NET---World-of-Warcraft-builds\WoWprojekt\WoWprojekt.Tests\bin\Debug\net10.0\WoWprojekt.Tests.dll" adapterTypeName="executor://xunit/VsTestRunner3/netcore/" className="WoWprojekt.Tests.PlayerProfilesApiControllerTests" name="Delete_Returns404_ForNonExistentId" />
    </UnitTest>
    <UnitTest name="WoWprojekt.Tests.GuildsApiControllerTests.GetAll_Returns200AndList" storage="c:\faks\.net\asp.net---world-of-warcraft-builds\wowprojekt\wowprojekt.tests\bin\debug\net10.0\wowprojekt.tests.dll" id="0bc5f216-811c-1978-5f15-efec5e011a80">
      <Execution id="c6403160-c00a-4b1d-979e-6d7b0a9fc6ea" />
      <TestMethod codeBase="C:\Faks\.NET\ASP.NET---World-of-Warcraft-builds\WoWprojekt\WoWprojekt.Tests\bin\Debug\net10.0\WoWprojekt.Tests.dll" adapterTypeName="executor://xunit/VsTestRunner3/netcore/" className="WoWprojekt.Tests.GuildsApiControllerTests" name="GetAll_Returns200AndList" />
    </UnitTest>
    <UnitTest name="WoWprojekt.Tests.BossGuideImagesControllerTests.GetAll_Returns200AndEmptyList_WhenBossHasNoImages" storage="c:\faks\.net\asp.net---world-of-warcraft-builds\wowprojekt\wowprojekt.tests\bin\debug\net10.0\wowprojekt.tests.dll" id="56048162-d5d5-75ff-a6f6-0e7488788adc">
      <Execution id="fe7ac0a2-3871-4e72-a80d-91370ca7e404" />
      <TestMethod codeBase="C:\Faks\.NET\ASP.NET---World-of-Warcraft-builds\WoWprojekt\WoWprojekt.Tests\bin\Debug\net10.0\WoWprojekt.Tests.dll" adapterTypeName="executor://xunit/VsTestRunner3/netcore/" className="WoWprojekt.Tests.BossGuideImagesControllerTests" name="GetAll_Returns200AndEmptyList_WhenBossHasNoImages" />
    </UnitTest>
    <UnitTest name="WoWprojekt.Tests.TalentBuildsApiControllerTests.Post_Creates_Returns201" storage="c:\faks\.net\asp.net---world-of-warcraft-builds\wowprojekt\wowprojekt.tests\bin\debug\net10.0\wowprojekt.tests.dll" id="58550184-4018-434f-f6e7-0e1e2d5848b8">
      <Execution id="0a54b462-b6a9-4c0e-837b-2ef5f4657758" />
[...]
info: Microsoft.EntityFrameworkCore.Update[30100]&#xD;
      Saved 1 entities to in-memory store.&#xD;
warn: Microsoft.AspNetCore.HttpsPolicy.HttpsRedirectionMiddleware[3]&#xD;
      Failed to determine the https port for redirect.&#xD;
info: Microsoft.Hosting.Lifetime[0]&#xD;
      Application is shutting down...&#xD;
info: Microsoft.EntityFrameworkCore.Update[30100]&#xD;
      Saved 1 entities to in-memory store.&#xD;
info: Microsoft.Hosting.Lifetime[0]&#xD;
      Application is shutting down...&#xD;
info: Microsoft.Hosting.Lifetime[0]&#xD;
      Application is shutting down...&#xD;
info: Microsoft.Hosting.Lifetime[0]&#xD;
      Application is shutting down...&#xD;
info: Microsoft.EntityFrameworkCore.Update[30100]&#xD;
      Saved 0 entities to in-memory store.&#xD;
info: Microsoft.EntityFrameworkCore.Update[30100]&#xD;
      Saved 1 entities to in-memory store.&#xD;
info: Microsoft.EntityFrameworkCore.Update[30100]&#xD;
      Saved 1 entities to in-memory store.&#xD;
info: Microsoft.EntityFrameworkCore.Update[30100]&#xD;
      Saved 1 entities to in-memory store.&#xD;
info: Microsoft.EntityFrameworkCore.Update[30100]&#xD;
      Saved 0 entities to in-memory store.&#xD;
info: Microsoft.EntityFrameworkCore.Update[30100]&#xD;
      Saved 1 entities to in-memory store.&#xD;
info: Microsoft.EntityFrameworkCore.Update[30100]&#xD;
      Saved 1 entities to in-memory store.&#xD;
info: Microsoft.EntityFrameworkCore.Update[30100]&#xD;
      Saved 1 entities to in-memory store.&#xD;
info: Microsoft.EntityFrameworkCore.Update[30100]&#xD;
      Saved 1 entities to in-memory store.&#xD;
info: Microsoft.EntityFrameworkCore.Update[30100]&#xD;
      Saved 2 entities to in-memory store.&#xD;
info: Microsoft.EntityFrameworkCore.Update[30100]&#xD;
      Saved 0 entities to in-memory store.&#xD;
info: Microsoft.EntityFrameworkCore.Update[30100]&#xD;
      Saved 1 entities to in-memory store.&#xD;
info: Microsoft.EntityFrameworkCore.Update[30100]&#xD;
      Saved 1 entities to in-memory store.&#xD;
info: Microsoft.EntityFrameworkCore.Update[30100]&#xD;
      Saved 1 entities to in-memory store.&#xD;
info: Microsoft.EntityFrameworkCore.Update[30100]&#xD;
      Saved 0 entities to in-memory store.&#xD;
info: Microsoft.EntityFrameworkCore.Update[30100]&#xD;
      Saved 1 entities to in-memory store.&#xD;
info: Microsoft.EntityFrameworkCore.Update[30100]&#xD;
      Saved 1 entities to in-memory store.&#xD;
info: Microsoft.EntityFrameworkCore.Update[30100]&#xD;
      Saved 1 entities to in-memory store.&#xD;
info: Microsoft.EntityFrameworkCore.Update[30100]&#xD;
      Saved 1 entities to in-memory store.&#xD;
info: Microsoft.EntityFrameworkCore.Update[30100]&#xD;
      Saved 2 entities to in-memory store.&#xD;
info: Microsoft.EntityFrameworkCore.Update[30100]&#xD;
      Saved 1 entities to in-memory store.&#xD;
info: Microsoft.EntityFrameworkCore.Update[30100]&#xD;
      Saved 2 entities to in-memory store.&#xD;
info: Microsoft.EntityFrameworkCore.Update[30100]&#xD;
      Saved 1 entities to in-memory store.&#xD;
info: Microsoft.EntityFrameworkCore.Update[30100]&#xD;
      Saved 2 entities to in-memory store.&#xD;
info: Microsoft.EntityFrameworkCore.Update[30100]&#xD;
      Saved 1 entities to in-memory store.&#xD;
info: Microsoft.EntityFrameworkCore.Update[30100]&#xD;
      Saved 2 entities to in-memory store.&#xD;
info: Microsoft.EntityFrameworkCore.Update[30100]&#xD;
      Saved 1 entities to in-memory store.&#xD;
info: Microsoft.EntityFrameworkCore.Update[30100]&#xD;
      Saved 2 entities to in-memory store.&#xD;
info: Microsoft.EntityFrameworkCore.Update[30100]&#xD;
      Saved 1 entities to in-memory store.&#xD;
info: Microsoft.EntityFrameworkCore.Update[30100]&#xD;
      Saved 2 entities to in-memory store.&#xD;
info: Microsoft.Hosting.Lifetime[0]&#xD;
      Application started. Press Ctrl+C to shut down.&#xD;
info: Microsoft.Hosting.Lifetime[0]&#xD;
      Hosting environment: Testing&#xD;
info: Microsoft.Hosting.Lifetime[0]&#xD;
      Content root path: C:\Faks\.NET\ASP.NET---World-of-Warcraft-builds\WoWprojekt\WoWprojekt&#xD;
warn: Microsoft.AspNetCore.HttpsPolicy.HttpsRedirectionMiddleware[3]&#xD;
      Failed to determine the https port for redirect.&#xD;
info: Microsoft.EntityFrameworkCore.Update[30100]&#xD;
      Saved 1 entities to in-memory store.&#xD;
info: Microsoft.EntityFrameworkCore.Update[30100]&#xD;
      Saved 2 entities to in-memory store.&#xD;
info: Microsoft.EntityFrameworkCore.Update[30100]&#xD;
      Saved 1 entities to in-memory store.&#xD;
info: Microsoft.EntityFrameworkCore.Update[30100]&#xD;
      Saved 2 entities to in-memory store.&#xD;
info: Microsoft.EntityFrameworkCore.Update[30100]&#xD;
      Saved 1 entities to in-memory store.&#xD;
info: Microsoft.EntityFrameworkCore.Update[30100]&#xD;
      Saved 2 entities to in-memory store.&#xD;
info: Microsoft.EntityFrameworkCore.Update[30100]&#xD;
      Saved 1 entities to in-memory store.&#xD;
info: Microsoft.Hosting.Lifetime[0]&#xD;
      Application is shutting down...&#xD;
info: Microsoft.EntityFrameworkCore.Update[30100]&#xD;
      Saved 2 entities to in-memory store.&#xD;
info: Microsoft.Hosting.Lifetime[0]&#xD;
      Application started. Press Ctrl+C to shut down.&#xD;
info: Microsoft.Hosting.Lifetime[0]&#xD;
      Hosting environment: Testing&#xD;
info: Microsoft.Hosting.Lifetime[0]&#xD;
      Content root path: C:\Faks\.NET\ASP.NET---World-of-Warcraft-builds\WoWprojekt\WoWprojekt&#xD;
info: Microsoft.EntityFrameworkCore.Update[30100]&#xD;
      Saved 1 entities to in-memory store.&#xD;
info: Microsoft.EntityFrameworkCore.Update[30100]&#xD;
      Saved 1 entities to in-memory store.&#xD;
warn: Microsoft.AspNetCore.HttpsPolicy.HttpsRedirectionMiddleware[3]&#xD;
      Failed to determine the https port for redirect.&#xD;
info: Microsoft.EntityFrameworkCore.Update[30100]&#xD;
      Saved 1 entities to in-memory store.&#xD;
info: Microsoft.EntityFrameworkCore.Update[30100]&#xD;
      Saved 2 entities to in-memory store.&#xD;
info: Microsoft.Hosting.Lifetime[0]&#xD;
      Application started. Press Ctrl+C to shut down.&#xD;
info: Microsoft.Hosting.Lifetime[0]&#xD;
      Hosting environment: Testing&#xD;
info: Microsoft.Hosting.Lifetime[0]&#xD;
      Content root path: C:\Faks\.NET\ASP.NET---World-of-Warcraft-builds\WoWprojekt\WoWprojekt&#xD;
info: Microsoft.EntityFrameworkCore.Update[30100]&#xD;
      Saved 2 entities to in-memory store.&#xD;
info: Microsoft.EntityFrameworkCore.Update[30100]&#xD;
      Saved 1 entities to in-memory store.&#xD;
info: Microsoft.EntityFrameworkCore.Update[30100]&#xD;
      Saved 1 entities to in-memory store.&#xD;
info: Microsoft.EntityFrameworkCore.Update[30100]&#xD;
      Saved 1 entities to in-memory store.&#xD;
warn: Microsoft.AspNetCore.HttpsPolicy.HttpsRedirectionMiddleware[3]&#xD;
      Failed to determine the https port for redirect.&#xD;
info: Microsoft.Hosting.Lifetime[0]&#xD;
      Application started. Press Ctrl+C to shut down.&#xD;
info: Microsoft.Hosting.Lifetime[0]&#xD;
      Hosting environment: Testing&#xD;
info: Microsoft.Hosting.Lifetime[0]&#xD;
      Content root path: C:\Faks\.NET\ASP.NET---World-of-Warcraft-builds\WoWprojekt\WoWprojekt&#xD;
warn: Microsoft.AspNetCore.HttpsPolicy.HttpsRedirectionMiddleware[3]&#xD;
      Failed to determine the https port for redirect.&#xD;
info: Microsoft.Hosting.Lifetime[0]&#xD;
      Application is shutting down...&#xD;
info: Microsoft.Hosting.Lifetime[0]&#xD;
      Application is shutting down...&#xD;
info: Microsoft.Hosting.Lifetime[0]&#xD;
      Application is shutting down...&#xD;
info: Microsoft.EntityFrameworkCore.Update[30100]&#xD;
      Saved 0 entities to in-memory store.&#xD;
info: Microsoft.EntityFrameworkCore.Update[30100]&#xD;
      Saved 1 entities to in-memory store.&#xD;
info: Microsoft.EntityFrameworkCore.Update[30100]&#xD;
      Saved 1 entities to in-memory store.&#xD;
info: Microsoft.EntityFrameworkCore.Update[30100]&#xD;
      Saved 1 entities to in-memory store.&#xD;
info: Microsoft.EntityFrameworkCore.Update[30100]&#xD;
      Saved 1 entities to in-memory store.&#xD;
info: Microsoft.EntityFrameworkCore.Update[30100]&#xD;
      Saved 2 entities to in-memory store.&#xD;
info: Microsoft.EntityFrameworkCore.Update[30100]&#xD;
      Saved 0 entities to in-memory store.&#xD;
info: Microsoft.EntityFrameworkCore.Update[30100]&#xD;
      Saved 0 entities to in-memory store.&#xD;
info: Microsoft.EntityFrameworkCore.Update[30100]&#xD;
      Saved 1 entities to in-memory store.&#xD;
info: Microsoft.EntityFrameworkCore.Update[30100]&#xD;
      Saved 1 entities to in-memory store.&#xD;
info: Microsoft.EntityFrameworkCore.Update[30100]&#xD;
      Saved 1 entities to in-memory store.&#xD;
info: Microsoft.EntityFrameworkCore.Update[30100]&#xD;
      Saved 1 entities to in-memory store.&#xD;
info: Microsoft.EntityFrameworkCore.Update[30100]&#xD;
      Saved 1 entities to in-memory store.&#xD;
info: Microsoft.EntityFrameworkCore.Update[30100]&#xD;
      Saved 1 entities to in-memory store.&#xD;
info: Microsoft.EntityFrameworkCore.Update[30100]&#xD;
      Saved 1 entities to in-memory store.&#xD;
info: Microsoft.EntityFrameworkCore.Update[30100]&#xD;
      Saved 2 entities to in-memory store.&#xD;
info: Microsoft.EntityFrameworkCore.Update[30100]&#xD;
      Saved 1 entities to in-memory store.&#xD;
info: Microsoft.EntityFrameworkCore.Update[30100]&#xD;
      Saved 1 entities to in-memory store.&#xD;
info: Microsoft.EntityFrameworkCore.Update[30100]&#xD;
      Saved 2 entities to in-memory store.&#xD;
info: Microsoft.EntityFrameworkCore.Update[30100]&#xD;
      Saved 2 entities to in-memory store.&#xD;
info: Microsoft.EntityFrameworkCore.Update[30100]&#xD;
      Saved 1 entities to in-memory store.&#xD;
info: Microsoft.EntityFrameworkCore.Update[30100]&#xD;
      Saved 2 entities to in-memory store.&#xD;
info: Microsoft.Hosting.Lifetime[0]&#xD;
      Application started. Press Ctrl+C to shut down.&#xD;
info: Microsoft.Hosting.Lifetime[0]&#xD;
      Hosting environment: Testing&#xD;
info: Microsoft.Hosting.Lifetime[0]&#xD;
      Content root path: C:\Faks\.NET\ASP.NET---World-of-Warcraft-builds\WoWprojekt\WoWprojekt&#xD;
info: Microsoft.EntityFrameworkCore.Update[30100]&#xD;
      Saved 1 entities to in-memory store.&#xD;
warn: Microsoft.AspNetCore.HttpsPolicy.HttpsRedirectionMiddleware[3]&#xD;
      Failed to determine the https port for redirect.&#xD;
info: Microsoft.EntityFrameworkCore.Update[30100]&#xD;
      Saved 1 entities to in-memory store.&#xD;
info: Microsoft.EntityFrameworkCore.Update[30100]&#xD;
      Saved 2 entities to in-memory store.&#xD;
info: Microsoft.EntityFrameworkCore.Update[30100]&#xD;
      Saved 1 entities to in-memory store.&#xD;
info: Microsoft.EntityFrameworkCore.Update[30100]&#xD;
      Saved 2 entities to in-memory store.&#xD;
info: Microsoft.EntityFrameworkCore.Update[30100]&#xD;
      Saved 1 entities to in-memory store.&#xD;
info: Microsoft.Hosting.Lifetime[0]&#xD;
      Application is shutting down...&#xD;
info: Microsoft.EntityFrameworkCore.Update[30100]&#xD;
      Saved 1 entities to in-memory store.&#xD;
info: Microsoft.EntityFrameworkCore.Update[30100]&#xD;
      Saved 1 entities to in-memory store.&#xD;
info: Microsoft.EntityFrameworkCore.Update[30100]&#xD;
      Saved 2 entities to in-memory store.&#xD;
info: Microsoft.EntityFrameworkCore.Update[30100]&#xD;
      Saved 2 entities to in-memory store.&#xD;
info: Microsoft.Hosting.Lifetime[0]&#xD;
      Application started. Press Ctrl+C to shut down.&#xD;
info: Microsoft.Hosting.Lifetime[0]&#xD;
      Hosting environment: Testing&#xD;
info: Microsoft.Hosting.Lifetime[0]&#xD;
      Content root path: C:\Faks\.NET\ASP.NET---World-of-Warcraft-builds\WoWprojekt\WoWprojekt&#xD;
info: Microsoft.EntityFrameworkCore.Update[30100]&#xD;
      Saved 1 entities to in-memory store.&#xD;
info: Microsoft.EntityFrameworkCore.Update[30100]&#xD;
      Saved 1 entities to in-memory store.&#xD;
warn: Microsoft.AspNetCore.HttpsPolicy.HttpsRedirectionMiddleware[3]&#xD;
      Failed to determine the https port for redirect.&#xD;
info: Microsoft.Hosting.Lifetime[0]&#xD;
      Application started. Press Ctrl+C to shut down.&#xD;
info: Microsoft.Hosting.Lifetime[0]&#xD;
      Hosting environment: Testing&#xD;
info: Microsoft.Hosting.Lifetime[0]&#xD;
      Content root path: C:\Faks\.NET\ASP.NET---World-of-Warcraft-builds\WoWprojekt\WoWprojekt&#xD;
info: Microsoft.EntityFrameworkCore.Update[30100]&#xD;
      Saved 2 entities to in-memory store.&#xD;
info: Microsoft.EntityFrameworkCore.Update[30100]&#xD;
      Saved 1 entities to in-memory store.&#xD;
warn: Microsoft.AspNetCore.HttpsPolicy.HttpsRedirectionMiddleware[3]&#xD;
      Failed to determine the https port for redirect.&#xD;
info: Microsoft.EntityFrameworkCore.Update[30100]&#xD;
      Saved 1 entities to in-memory store.&#xD;
info: Microsoft.EntityFrameworkCore.Update[30100]&#xD;
      Saved 0 entities to in-memory store.&#xD;
info: Microsoft.Hosting.Lifetime[0]&#xD;
      Application is shutting down...&#xD;
info: Microsoft.EntityFrameworkCore.Update[30100]&#xD;
      Saved 1 entities to in-memory store.&#xD;
info: Microsoft.EntityFrameworkCore.Update[30100]&#xD;
      Saved 1 entities to in-memory store.&#xD;
info: Microsoft.EntityFrameworkCore.Update[30100]&#xD;
      Saved 1 entities to in-memory store.&#xD;
info: Microsoft.Hosting.Lifetime[0]&#xD;
      Application is shutting down...&#xD;
info: Microsoft.EntityFrameworkCore.Update[30100]&#xD;
      Saved 1 entities to in-memory store.&#xD;
info: Microsoft.EntityFrameworkCore.Update[30100]&#xD;
      Saved 2 entities to in-memory store.&#xD;
info: Microsoft.EntityFrameworkCore.Update[30100]&#xD;
      Saved 1 entities to in-memory store.&#xD;
info: Microsoft.EntityFrameworkCore.Update[30100]&#xD;
      Saved 2 entities to in-memory store.&#xD;
info: Microsoft.EntityFrameworkCore.Update[30100]&#xD;
      Saved 0 entities to in-memory store.&#xD;
info: Microsoft.EntityFrameworkCore.Update[30100]&#xD;
      Saved 1 entities to in-memory store.&#xD;
info: Microsoft.EntityFrameworkCore.Update[30100]&#xD;
      Saved 1 entities to in-memory store.&#xD;
info: Microsoft.EntityFrameworkCore.Update[30100]&#xD;
      Saved 1 entities to in-memory store.&#xD;
info: Microsoft.EntityFrameworkCore.Update[30100]&#xD;
      Saved 1 entities to in-memory store.&#xD;
info: Microsoft.EntityFrameworkCore.Update[30100]&#xD;
      Saved 2 entities to in-memory store.&#xD;
info: Microsoft.Hosting.Lifetime[0]&#xD;
      Application started. Press Ctrl+C to shut down.&#xD;
info: Microsoft.Hosting.Lifetime[0]&#xD;
      Hosting environment: Testing&#xD;
info: Microsoft.Hosting.Lifetime[0]&#xD;
      Content root path: C:\Faks\.NET\ASP.NET---World-of-Warcraft-builds\WoWprojekt\WoWprojekt&#xD;
info: Microsoft.EntityFrameworkCore.Update[30100]&#xD;
      Saved 1 entities to in-memory store.&#xD;
warn: Microsoft.AspNetCore.HttpsPolicy.HttpsRedirectionMiddleware[3]&#xD;
      Failed to determine the https port for redirect.&#xD;
info: Microsoft.EntityFrameworkCore.Update[30100]&#xD;
      Saved 1 entities to in-memory store.&#xD;
info: Microsoft.EntityFrameworkCore.Update[30100]&#xD;
      Saved 2 entities to in-memory store.&#xD;
info: Microsoft.Hosting.Lifetime[0]&#xD;
      Application is shutting down...&#xD;
info: Microsoft.EntityFrameworkCore.Update[30100]&#xD;
      Saved 1 entities to in-memory store.&#xD;
info: Microsoft.EntityFrameworkCore.Update[30100]&#xD;
      Saved 2 entities to in-memory store.&#xD;
info: Microsoft.EntityFrameworkCore.Update[30100]&#xD;
      Saved 1 entities to in-memory store.&#xD;
info: Microsoft.EntityFrameworkCore.Update[30100]&#xD;
      Saved 2 entities to in-memory store.&#xD;
info: Microsoft.Hosting.Lifetime[0]&#xD;
      Application started. Press Ctrl+C to shut down.&#xD;
info: Microsoft.Hosting.Lifetime[0]&#xD;
      Hosting environment: Testing&#xD;
info: Microsoft.Hosting.Lifetime[0]&#xD;
      Content root path: C:\Faks\.NET\ASP.NET---World-of-Warcraft-builds\WoWprojekt\WoWprojekt&#xD;
info: Microsoft.EntityFrameworkCore.Update[30100]&#xD;
      Saved 1 entities to in-memory store.&#xD;
info: Microsoft.EntityFrameworkCore.Update[30100]&#xD;
      Saved 2 entities to in-memory store.&#xD;
warn: Microsoft.AspNetCore.HttpsPolicy.HttpsRedirectionMiddleware[3]&#xD;
      Failed to determine the https port for redirect.&#xD;
info: Microsoft.Hosting.Lifetime[0]&#xD;
      Application is shutting down...&#xD;
info: Microsoft.EntityFrameworkCore.Update[30100]&#xD;
      Saved 0 entities to in-memory store.&#xD;
info: Microsoft.EntityFrameworkCore.Update[30100]&#xD;
      Saved 1 entities to in-memory store.&#xD;
info: Microsoft.EntityFrameworkCore.Update[30100]&#xD;
      Saved 1 entities to in-memory store.&#xD;
info: Microsoft.EntityFrameworkCore.Update[30100]&#xD;
      Saved 1 entities to in-memory store.&#xD;
info: Microsoft.EntityFrameworkCore.Update[30100]&#xD;
      Saved 1 entities to in-memory store.&#xD;
info: Microsoft.EntityFrameworkCore.Update[30100]&#xD;
      Saved 2 entities to in-memory store.&#xD;
info: Microsoft.EntityFrameworkCore.Update[30100]&#xD;
      Saved 1 entities to in-memory store.&#xD;
info: Microsoft.EntityFrameworkCore.Update[30100]&#xD;
      Saved 2 entities to in-memory store.&#xD;
info: Microsoft.EntityFrameworkCore.Update[30100]&#xD;
      Saved 1 entities to in-memory store.&#xD;
info: Microsoft.EntityFrameworkCore.Update[30100]&#xD;
      Saved 2 entities to in-memory store.&#xD;
info: Microsoft.Hosting.Lifetime[0]&#xD;
      Application started. Press Ctrl+C to shut down.&#xD;
info: Microsoft.Hosting.Lifetime[0]&#xD;
      Hosting environment: Testing&#xD;
info: Microsoft.Hosting.Lifetime[0]&#xD;
      Content root path: C:\Faks\.NET\ASP.NET---World-of-Warcraft-builds\WoWprojekt\WoWprojekt&#xD;
info: Microsoft.EntityFrameworkCore.Update[30100]&#xD;
      Saved 1 entities to in-memory store.&#xD;
info: Microsoft.EntityFrameworkCore.Update[30100]&#xD;
      Saved 1 entities to in-memory store.&#xD;
warn: Microsoft.AspNetCore.HttpsPolicy.HttpsRedirectionMiddleware[3]&#xD;
      Failed to determine the https port for redirect.&#xD;
info: Microsoft.Hosting.Lifetime[0]&#xD;
      Application is shutting down...&#xD;
info: Microsoft.EntityFrameworkCore.Update[30100]&#xD;
      Saved 0 entities to in-memory store.&#xD;
info: Microsoft.EntityFrameworkCore.Update[30100]&#xD;
      Saved 1 entities to in-memory store.&#xD;
info: Microsoft.EntityFrameworkCore.Update[30100]&#xD;
      Saved 1 entities to in-memory store.&#xD;
info: Microsoft.EntityFrameworkCore.Update[30100]&#xD;
      Saved 1 entities to in-memory store.&#xD;
info: Microsoft.EntityFrameworkCore.Update[30100]&#xD;
      Saved 1 entities to in-memory store.&#xD;
info: Microsoft.EntityFrameworkCore.Update[30100]&#xD;
      Saved 2 entities to in-memory store.&#xD;
info: Microsoft.EntityFrameworkCore.Update[30100]&#xD;
      Saved 1 entities to in-memory store.&#xD;
info: Microsoft.EntityFrameworkCore.Update[30100]&#xD;
      Saved 2 entities to in-memory store.&#xD;
info: Microsoft.EntityFrameworkCore.Update[30100]&#xD;
      Saved 1 entities to in-memory store.&#xD;
info: Microsoft.EntityFrameworkCore.Update[30100]&#xD;
      Saved 2 entities to in-memory store.&#xD;
info: Microsoft.Hosting.Lifetime[0]&#xD;
      Application started. Press Ctrl+C to shut down.&#xD;
info: Microsoft.Hosting.Lifetime[0]&#xD;
      Hosting environment: Testing&#xD;
info: Microsoft.Hosting.Lifetime[0]&#xD;
      Content root path: C:\Faks\.NET\ASP.NET---World-of-Warcraft-builds\WoWprojekt\WoWprojekt&#xD;
warn: Microsoft.AspNetCore.HttpsPolicy.HttpsRedirectionMiddleware[3]&#xD;
      Failed to determine the https port for redirect.&#xD;
info: Microsoft.Hosting.Lifetime[0]&#xD;
      Application is shutting down...&#xD;
[xUnit.net 00:00:18.99]   Finished:    WoWprojekt.Tests&#xD;
</StdOut>
    </Output>
  </ResultSummary>
</TestRun>